<?xml version="1.0" encoding="UTF-8"?>
<testsuite xmlns:xsi="http://www.w3.org/2001/XMLSchema-instance" xsi:noNamespaceSchemaLocation="https://maven.apache.org/surefire/maven-surefire-plugin/xsd/surefire-test-report-3.0.xsd" version="3.0" name="gov.changsha.finance.integration.TestcontainersBasicTest" time="8.359" tests="4" errors="0" skipped="0" failures="0">
  <properties>
[...]
</properties>
  <testcase name="testPostgreSQLContainerStartup" classname="gov.changsha.finance.integration.TestcontainersBasicTest" time="4.416">
    <system-out><![CDATA[18:48:49.477 [main] DEBUG org.testcontainers.utility.TestcontainersConfiguration - Testcontainers configuration overrides will be loaded from file:/Users/chengpeng/.testcontainers.properties
18:48:49.494 [main] INFO org.testcontainers.images.PullPolicy - Image pull policy will be performed by: DefaultPullPolicy()
18:48:49.498 [main] INFO org.testcontainers.utility.ImageNameSubstitutor - Image name substitution will be performed by: DefaultImageNameSubstitutor (composite of 'ConfigurationFileImageNameSubstitutor' and 'PrefixingImageNameSubstitutor')
18:48:49.877 [main] INFO org.testcontainers.dockerclient.DockerClientProviderStrategy - Loaded org.testcontainers.dockerclient.UnixSocketClientProviderStrategy from ~/.testcontainers.properties, will try it first
18:48:49.885 [main] DEBUG org.testcontainers.dockerclient.DockerClientProviderStrategy - Trying out strategy: UnixSocketClientProviderStrategy
18:48:50.466 [main] DEBUG org.testcontainers.shaded.com.github.dockerjava.core.command.AbstrDockerCmd - Cmd: 
18:48:50.497 [main] DEBUG com.github.dockerjava.zerodep.shaded.org.apache.hc.client5.http.impl.classic.InternalHttpClient - ex-00000001: preparing request execution
18:48:50.501 [main] DEBUG com.github.dockerjava.zerodep.shaded.org.apache.hc.client5.http.protocol.RequestAddCookies - Cookie spec selected: strict
18:48:50.505 [main] DEBUG com.github.dockerjava.zerodep.shaded.org.apache.hc.client5.http.protocol.RequestAuthCache - Auth cache not set in the context
18:48:50.505 [main] DEBUG com.github.dockerjava.zerodep.shaded.org.apache.hc.client5.http.impl.classic.ProtocolExec - ex-00000001: target auth state: UNCHALLENGED
18:48:50.506 [main] DEBUG com.github.dockerjava.zerodep.shaded.org.apache.hc.client5.http.impl.classic.ProtocolExec - ex-00000001: proxy auth state: UNCHALLENGED
18:48:50.506 [main] DEBUG com.github.dockerjava.zerodep.shaded.org.apache.hc.client5.http.impl.classic.ConnectExec - ex-00000001: acquiring connection with route {}->unix://localhost:2375
18:48:50.506 [main] DEBUG com.github.dockerjava.zerodep.shaded.org.apache.hc.client5.http.impl.classic.InternalHttpClient - ex-00000001: acquiring endpoint (3 MINUTES)
18:48:50.508 [main] DEBUG com.github.dockerjava.zerodep.shaded.org.apache.hc.client5.http.impl.io.PoolingHttpClientConnectionManager - ex-00000001: endpoint lease request (3 MINUTES) [route: {}->unix://localhost:2375][total available: 0; route allocated: 0 of 2147483647; total allocated: 0 of 2147483647]
18:48:50.512 [main] DEBUG com.github.dockerjava.zerodep.shaded.org.apache.hc.client5.http.impl.io.PoolingHttpClientConnectionManager - ex-00000001: endpoint leased [route: {}->unix://localhost:2375][total available: 0; route allocated: 1 of 2147483647; total allocated: 1 of 2147483647]
18:48:50.521 [main] DEBUG com.github.dockerjava.zerodep.shaded.org.apache.hc.client5.http.impl.io.PoolingHttpClientConnectionManager - ex-00000001: acquired ep-00000000
18:48:50.521 [main] DEBUG com.github.dockerjava.zerodep.shaded.org.apache.hc.client5.http.impl.classic.InternalHttpClient - ex-00000001: acquired endpoint ep-00000000
18:48:50.521 [main] DEBUG com.github.dockerjava.zerodep.shaded.org.apache.hc.client5.http.impl.classic.ConnectExec - ex-00000001: opening connection {}->unix://localhost:2375
18:48:50.522 [main] DEBUG com.github.dockerjava.zerodep.shaded.org.apache.hc.client5.http.impl.classic.InternalHttpClient - ep-00000000: connecting endpoint (3 MINUTES)
18:48:50.523 [main] DEBUG com.github.dockerjava.zerodep.shaded.org.apache.hc.client5.http.impl.io.PoolingHttpClientConnectionManager - ep-00000000: connecting endpoint to unix://localhost:2375 (3 MINUTES)
18:48:50.526 [main] DEBUG com.github.dockerjava.zerodep.shaded.org.apache.hc.client5.http.impl.io.DefaultHttpClientConnectionOperator - http-outgoing-0: connecting to localhost/127.0.0.1:2375
18:48:50.527 [main] DEBUG com.github.dockerjava.zerodep.shaded.org.apache.hc.client5.http.impl.io.DefaultHttpClientConnectionOperator - http-outgoing-0: connection established 
18:48:50.527 [main] DEBUG com.github.dockerjava.zerodep.shaded.org.apache.hc.client5.http.impl.io.PoolingHttpClientConnectionManager - ep-00000000: connected http-outgoing-0
18:48:50.527 [main] DEBUG com.github.dockerjava.zerodep.shaded.org.apache.hc.client5.http.impl.classic.InternalHttpClient - ep-00000000: endpoint connected
18:48:50.527 [main] DEBUG com.github.dockerjava.zerodep.shaded.org.apache.hc.client5.http.impl.classic.MainClientExec - ex-00000001: executing GET /v1.32/info HTTP/1.1
18:48:50.528 [main] DEBUG com.github.dockerjava.zerodep.shaded.org.apache.hc.client5.http.impl.classic.InternalHttpClient - ep-00000000: start execution ex-00000001
18:48:50.528 [main] DEBUG com.github.dockerjava.zerodep.shaded.org.apache.hc.client5.http.impl.io.PoolingHttpClientConnectionManager - ep-00000000: executing exchange ex-00000001 over http-outgoing-0
18:48:50.529 [main] DEBUG com.github.dockerjava.zerodep.shaded.org.apache.hc.client5.http.headers - http-outgoing-0 >> GET /v1.32/info HTTP/1.1
18:48:50.529 [main] DEBUG com.github.dockerjava.zerodep.shaded.org.apache.hc.client5.http.headers - http-outgoing-0 >> x-tc-sid: 49548123-9649-41b7-91db-308eabac46e4
18:48:50.529 [main] DEBUG com.github.dockerjava.zerodep.shaded.org.apache.hc.client5.http.headers - http-outgoing-0 >> User-Agent: tc-java/1.19.1
18:48:50.529 [main] DEBUG com.github.dockerjava.zerodep.shaded.org.apache.hc.client5.http.headers - http-outgoing-0 >> Accept-Encoding: gzip, x-gzip, deflate
18:48:50.529 [main] DEBUG com.github.dockerjava.zerodep.shaded.org.apache.hc.client5.http.headers - http-outgoing-0 >> Host: localhost:2375
18:48:50.529 [main] DEBUG com.github.dockerjava.zerodep.shaded.org.apache.hc.client5.http.headers - http-outgoing-0 >> Connection: keep-alive
18:48:50.529 [main] DEBUG com.github.dockerjava.zerodep.shaded.org.apache.hc.client5.http.wire - http-outgoing-0 >> "GET /v1.32/info HTTP/1.1[\r][\n]"
18:48:50.529 [main] DEBUG com.github.dockerjava.zerodep.shaded.org.apache.hc.client5.http.wire - http-outgoing-0 >> "x-tc-sid: 49548123-9649-41b7-91db-308eabac46e4[\r][\n]"
18:48:50.529 [main] DEBUG com.github.dockerjava.zerodep.shaded.org.apache.hc.client5.http.wire - http-outgoing-0 >> "User-Agent: tc-java/1.19.1[\r][\n]"
18:48:50.529 [main] DEBUG com.github.dockerjava.zerodep.shaded.org.apache.hc.client5.http.wire - http-outgoing-0 >> "Accept-Encoding: gzip, x-gzip, deflate[\r][\n]"
18:48:50.529 [main] DEBUG com.github.dockerjava.zerodep.shaded.org.apache.hc.client5.http.wire - http-outgoing-0 >> "Host: localhost:2375[\r][\n]"
18:48:50.529 [main] DEBUG com.github.dockerjava.zerodep.shaded.org.apache.hc.client5.http.wire - http-outgoing-0 >> "Connection: keep-alive[\r][\n]"
18:48:50.529 [main] DEBUG com.github.dockerjava.zerodep.shaded.org.apache.hc.client5.http.wire - http-outgoing-0 >> "[\r][\n]"
18:48:50.542 [main] DEBUG com.github.dockerjava.zerodep.shaded.org.apache.hc.client5.http.wire - http-outgoing-0 << "HTTP/1.1 200 OK[\r][\n]"
18:48:50.543 [main] DEBUG com.github.dockerjava.zerodep.shaded.org.apache.hc.client5.http.wire - http-outgoing-0 << "Api-Version: 1.51[\r][\n]"
18:48:50.543 [main] DEBUG com.github.dockerjava.zerodep.shaded.org.apache.hc.client5.http.wire - http-outgoing-0 << "Content-Type: application/json[\r][\n]"
18:48:50.544 [main] DEBUG com.github.dockerjava.zerodep.shaded.org.apache.hc.client5.http.wire - http-outgoing-0 << "Date: Thu, 04 Sep 2025 10:48:50 GMT[\r][\n]"
18:48:50.544 [main] DEBUG com.github.dockerjava.zerodep.shaded.org.apache.hc.client5.http.wire - http-outgoing-0 << "Docker-Experimental: false[\r][\n]"
18:48:50.544 [main] DEBUG com.github.dockerjava.zerodep.shaded.org.apache.hc.client5.http.wire - http-outgoing-0 << "Ostype: linux[\r][\n]"
18:48:50.544 [main] DEBUG com.github.dockerjava.zerodep.shaded.org.apache.hc.client5.http.wire - http-outgoing-0 << "Server: Docker/28.3.3 (linux)[\r][\n]"
18:48:50.544 [main] DEBUG com.github.dockerjava.zerodep.shaded.org.apache.hc.client5.http.wire - http-outgoing-0 << "Transfer-Encoding: chunked[\r][\n]"
18:48:50.544 [main] DEBUG com.github.dockerjava.zerodep.shaded.org.apache.hc.client5.http.wire - http-outgoing-0 << "[\r][\n]"
18:48:50.547 [main] DEBUG com.github.dockerjava.zerodep.shaded.org.apache.hc.client5.http.headers - http-outgoing-0 << HTTP/1.1 200 OK
18:48:50.548 [main] DEBUG com.github.dockerjava.zerodep.shaded.org.apache.hc.client5.http.headers - http-outgoing-0 << Api-Version: 1.51
18:48:50.548 [main] DEBUG com.github.dockerjava.zerodep.shaded.org.apache.hc.client5.http.headers - http-outgoing-0 << Content-Type: application/json
18:48:50.548 [main] DEBUG com.github.dockerjava.zerodep.shaded.org.apache.hc.client5.http.headers - http-outgoing-0 << Date: Thu, 04 Sep 2025 10:48:50 GMT
18:48:50.548 [main] DEBUG com.github.dockerjava.zerodep.shaded.org.apache.hc.client5.http.headers - http-outgoing-0 << Docker-Experimental: false
18:48:50.548 [main] DEBUG com.github.dockerjava.zerodep.shaded.org.apache.hc.client5.http.headers - http-outgoing-0 << Ostype: linux
18:48:50.548 [main] DEBUG com.github.dockerjava.zerodep.shaded.org.apache.hc.client5.http.headers - http-outgoing-0 << Server: Docker/28.3.3 (linux)
18:48:50.549 [main] DEBUG com.github.dockerjava.zerodep.shaded.org.apache.hc.client5.http.headers - http-outgoing-0 << Transfer-Encoding: chunked
18:48:50.553 [main] DEBUG com.github.dockerjava.zerodep.shaded.org.apache.hc.client5.http.impl.classic.MainClientExec - ex-00000001: connection can be kept alive for 3 MINUTES
18:48:50.557 [main] DEBUG com.github.dockerjava.zerodep.shaded.org.apache.hc.client5.http.wire - http-outgoing-0 << "96c[\r][\n]"
18:48:50.558 [main] DEBUG com.github.dockerjava.zerodep.shaded.org.apache.hc.client5.http.wire - http-outgoing-0 << "{"ID":"1c0a1228-2fbd-4e25-b3bf-6b2b52566bf1","Containers":30,"ContainersRunning":4,"ContainersPaused":0,"ContainersStopped":26,"Images":34,"Driver":"overlay2","DriverStatus":[["Backing Filesystem","extfs"],["Supports d_type","true"],["Using metacopy","false"],["Native Overlay Diff","true"],["userxattr","false"]],"Plugins":{"Volume":["local"],"Network":["bridge","host","ipvlan","macvlan","null","overlay"],"Authorization":null,"Log":["awslogs","fluentd","gcplogs","gelf","journald","json-file","local","splunk","syslog"]},"MemoryLimit":true,"SwapLimit":true,"CpuCfsPeriod":true,"CpuCfsQuota":true,"CPUShares":true,"CPUSet":true,"PidsLimit":true,"IPv4Forwarding":true,"Debug":false,"NFd":95,"OomKillDisable":false,"NGoroutines":119,"SystemTime":"2025-09-04T10:48:50.535049293Z","LoggingDriver":"json-file","CgroupDriver":"cgroupfs","CgroupVersion":"2","NEventsListener":13,"KernelVersion":"6.10.14-linuxkit","OperatingSystem":"Docker Desktop","OSVersion":"","OSType":"linux","Architecture":"aarch64","IndexServerAddress":"https://index.docker.io/v1/","RegistryConfig":{"IndexConfigs":{"docker.io":{"Mirrors":[],"Name":"docker.io","Official":true,"Secure":true},"hubproxy.docker.internal:5555":{"Mirrors":[],"Name":"hubproxy.docker.internal:5555","Official":false,"Secure":false}},"InsecureRegistryCIDRs":["::1/128","127.0.0.0/8"],"Mirrors":null},"NCPU":8,"MemTotal":8322969600,"GenericResources":null,"DockerRootDir":"/var/lib/docker","HttpProxy":"http.docker.internal:3128","HttpsProxy":"http.docker.internal:3128","NoProxy":"hubproxy.docker.internal","Name":"docker-desktop","Labels":["com.docker.desktop.address=unix:///Users/chengpeng/Library/Containers/com.docker.docker/Data/docker-cli.sock"],"ExperimentalBuild":false,"ServerVersion":"28.3.3","Runtimes":{"io.containerd.runc.v2":{"path":"runc"},"runc":{"path":"runc"}},"DefaultRuntime":"runc","Swarm":{"NodeID":"","NodeAddr":"","LocalNodeState":"inactive","ControlAvailable":false,"Error":"","RemoteManagers":null},"LiveRestoreEnabled":false,"Isolation":"","InitBinary":"docker-init","ContainerdCommit":{"ID":"05044ec0a9a75232cad458027ca83437aae3f4da","Expected":"05044ec0a9a75232cad458027ca83437aae3f4da"},"RuncCommit":{"ID":"v1.2.5-0-g59923ef","Expected":"v1.2.5-0-g59923ef"},"InitCommit":{"ID":"de40ad0","Expected":"de40ad0"},"SecurityOptions":["name=seccomp,profile=builtin","name=cgroupns"],"CDISpecDirs":["/etc/cdi","/var/run/cdi"],"Warnings":null}[\r][\n]"
18:48:50.558 [main] DEBUG com.github.dockerjava.zerodep.shaded.org.apache.hc.client5.http.wire - http-outgoing-0 << "0[\r][\n]"
18:48:50.558 [main] DEBUG com.github.dockerjava.zerodep.shaded.org.apache.hc.client5.http.wire - http-outgoing-0 << "[\r][\n]"
18:48:50.698 [main] DEBUG com.github.dockerjava.zerodep.shaded.org.apache.hc.client5.http.impl.classic.InternalHttpClient - ep-00000000: releasing valid endpoint
18:48:50.698 [main] DEBUG com.github.dockerjava.zerodep.shaded.org.apache.hc.client5.http.impl.io.PoolingHttpClientConnectionManager - ep-00000000: releasing endpoint
18:48:50.699 [main] DEBUG com.github.dockerjava.zerodep.shaded.org.apache.hc.client5.http.impl.io.PoolingHttpClientConnectionManager - ep-00000000: connection http-outgoing-0 can be kept alive for 3 MINUTES
18:48:50.700 [main] DEBUG com.github.dockerjava.zerodep.shaded.org.apache.hc.client5.http.impl.io.PoolingHttpClientConnectionManager - ep-00000000: connection released [route: {}->unix://localhost:2375][total available: 1; route allocated: 1 of 2147483647; total allocated: 1 of 2147483647]
18:48:50.701 [main] INFO org.testcontainers.dockerclient.DockerClientProviderStrategy - Found Docker environment with local Unix socket (unix:///var/run/docker.sock)
18:48:50.702 [main] DEBUG org.testcontainers.dockerclient.DockerClientProviderStrategy - Transport type: 'httpclient5', Docker host: 'unix:///var/run/docker.sock'
18:48:50.702 [main] DEBUG org.testcontainers.dockerclient.DockerClientProviderStrategy - Checking Docker OS type for local Unix socket (unix:///var/run/docker.sock)
18:48:50.708 [main] INFO org.testcontainers.DockerClientFactory - Docker host IP address is localhost
18:48:50.708 [main] DEBUG org.testcontainers.DockerClientFactory - Docker info: {CDISpecDirs=[/etc/cdi, /var/run/cdi], NGoroutines=119, Name=docker-desktop, Swarm={NodeID=, NodeAddr=, LocalNodeState=inactive, ControlAvailable=false, Error=, RemoteManagers=null}, RuncCommit={ID=v1.2.5-0-g59923ef, Expected=v1.2.5-0-g59923ef}, OSVersion=, Runtimes={io.containerd.runc.v2={path=runc}, runc={path=runc}}, ID=1c0a1228-2fbd-4e25-b3bf-6b2b52566bf1, DriverStatus=[[Backing Filesystem, extfs], [Supports d_type, true], [Using metacopy, false], [Native Overlay Diff, true], [userxattr, false]], LiveRestoreEnabled=false, SystemTime=2025-09-04T10:48:50.535049293Z, NoProxy=hubproxy.docker.internal, Architecture=aarch64, NEventsListener=13, HttpsProxy=http.docker.internal:3128, Images=34, ContainersRunning=4, Labels=[com.docker.desktop.address=unix:///Users/chengpeng/Library/Containers/com.docker.docker/Data/docker-cli.sock], InitCommit={ID=de40ad0, Expected=de40ad0}, NFd=95, KernelVersion=6.10.14-linuxkit, LoggingDriver=json-file, OSType=linux, SecurityOptions=[name=seccomp,profile=builtin, name=cgroupns], ContainerdCommit={ID=05044ec0a9a75232cad458027ca83437aae3f4da, Expected=05044ec0a9a75232cad458027ca83437aae3f4da}, GenericResources=null, OperatingSystem=Docker Desktop, RegistryConfig={IndexConfigs={docker.io={Mirrors=[], Name=docker.io, Official=true, Secure=true}, hubproxy.docker.internal:5555={Mirrors=[], Name=hubproxy.docker.internal:5555, Official=false, Secure=false}}, InsecureRegistryCIDRs=[::1/128, 127.0.0.0/8], Mirrors=null}, ServerVersion=28.3.3, OomKillDisable=false, CpuCfsQuota=true, Containers=30, Driver=overlay2, IPv4Forwarding=true, ExperimentalBuild=false, DockerRootDir=/var/lib/docker, CPUSet=true, CpuCfsPeriod=true, DefaultRuntime=runc, CPUShares=true, Debug=false, NCPU=8, Plugins={Volume=[local], Network=[bridge, host, ipvlan, macvlan, null, overlay], Authorization=null, Log=[awslogs, fluentd, gcplogs, gelf, journald, json-file, local, splunk, syslog]}, SwapLimit=true, CgroupDriver=cgroupfs, ContainersPaused=0, MemTotal=8322969600, IndexServerAddress=https://index.docker.io/v1/, MemoryLimit=true, HttpProxy=http.docker.internal:3128, InitBinary=docker-init, CgroupVersion=2, PidsLimit=true, Isolation=, Warnings=null, ContainersStopped=26}
18:48:50.711 [main] DEBUG org.testcontainers.shaded.com.github.dockerjava.core.command.AbstrDockerCmd - Cmd: 
18:48:50.712 [main] DEBUG com.github.dockerjava.zerodep.shaded.org.apache.hc.client5.http.impl.classic.InternalHttpClient - ex-00000002: preparing request execution
18:48:50.712 [main] DEBUG com.github.dockerjava.zerodep.shaded.org.apache.hc.client5.http.protocol.RequestAddCookies - Cookie spec selected: strict
18:48:50.713 [main] DEBUG com.github.dockerjava.zerodep.shaded.org.apache.hc.client5.http.protocol.RequestAuthCache - Auth cache not set in the context
18:48:50.713 [main] DEBUG com.github.dockerjava.zerodep.shaded.org.apache.hc.client5.http.impl.classic.ProtocolExec - ex-00000002: target auth state: UNCHALLENGED
18:48:50.713 [main] DEBUG com.github.dockerjava.zerodep.shaded.org.apache.hc.client5.http.impl.classic.ProtocolExec - ex-00000002: proxy auth state: UNCHALLENGED
18:48:50.713 [main] DEBUG com.github.dockerjava.zerodep.shaded.org.apache.hc.client5.http.impl.classic.ConnectExec - ex-00000002: acquiring connection with route {}->unix://localhost:2375
18:48:50.713 [main] DEBUG com.github.dockerjava.zerodep.shaded.org.apache.hc.client5.http.impl.classic.InternalHttpClient - ex-00000002: acquiring endpoint (3 MINUTES)
18:48:50.713 [main] DEBUG com.github.dockerjava.zerodep.shaded.org.apache.hc.client5.http.impl.io.PoolingHttpClientConnectionManager - ex-00000002: endpoint lease request (3 MINUTES) [route: {}->unix://localhost:2375][total available: 1; route allocated: 1 of 2147483647; total allocated: 1 of 2147483647]
18:48:50.715 [main] DEBUG com.github.dockerjava.zerodep.shaded.org.apache.hc.client5.http.impl.io.PoolingHttpClientConnectionManager - ex-00000002: endpoint leased [route: {}->unix://localhost:2375][total available: 0; route allocated: 1 of 2147483647; total allocated: 1 of 2147483647]
18:48:50.715 [main] DEBUG com.github.dockerjava.zerodep.shaded.org.apache.hc.client5.http.impl.io.PoolingHttpClientConnectionManager - ex-00000002: acquired ep-00000001
18:48:50.715 [main] DEBUG com.github.dockerjava.zerodep.shaded.org.apache.hc.client5.http.impl.classic.InternalHttpClient - ex-00000002: acquired endpoint ep-00000001
18:48:50.715 [main] DEBUG com.github.dockerjava.zerodep.shaded.org.apache.hc.client5.http.impl.classic.MainClientExec - ex-00000002: executing GET /v1.32/version HTTP/1.1
18:48:50.715 [main] DEBUG com.github.dockerjava.zerodep.shaded.org.apache.hc.client5.http.impl.classic.InternalHttpClient - ep-00000001: start execution ex-00000002
18:48:50.715 [main] DEBUG com.github.dockerjava.zerodep.shaded.org.apache.hc.client5.http.impl.io.PoolingHttpClientConnectionManager - ep-00000001: executing exchange ex-00000002 over http-outgoing-0
18:48:50.715 [main] DEBUG com.github.dockerjava.zerodep.shaded.org.apache.hc.client5.http.headers - http-outgoing-0 >> GET /v1.32/version HTTP/1.1
18:48:50.715 [main] DEBUG com.github.dockerjava.zerodep.shaded.org.apache.hc.client5.http.headers - http-outgoing-0 >> accept: application/json
18:48:50.715 [main] DEBUG com.github.dockerjava.zerodep.shaded.org.apache.hc.client5.http.headers - http-outgoing-0 >> x-tc-sid: 49548123-9649-41b7-91db-308eabac46e4
18:48:50.716 [main] DEBUG com.github.dockerjava.zerodep.shaded.org.apache.hc.client5.http.headers - http-outgoing-0 >> User-Agent: tc-java/1.19.1
18:48:50.716 [main] DEBUG com.github.dockerjava.zerodep.shaded.org.apache.hc.client5.http.headers - http-outgoing-0 >> Accept-Encoding: gzip, x-gzip, deflate
18:48:50.716 [main] DEBUG com.github.dockerjava.zerodep.shaded.org.apache.hc.client5.http.headers - http-outgoing-0 >> Host: localhost:2375
18:48:50.716 [main] DEBUG com.github.dockerjava.zerodep.shaded.org.apache.hc.client5.http.headers - http-outgoing-0 >> Connection: keep-alive
18:48:50.716 [main] DEBUG com.github.dockerjava.zerodep.shaded.org.apache.hc.client5.http.wire - http-outgoing-0 >> "GET /v1.32/version HTTP/1.1[\r][\n]"
18:48:50.716 [main] DEBUG com.github.dockerjava.zerodep.shaded.org.apache.hc.client5.http.wire - http-outgoing-0 >> "accept: application/json[\r][\n]"
18:48:50.716 [main] DEBUG com.github.dockerjava.zerodep.shaded.org.apache.hc.client5.http.wire - http-outgoing-0 >> "x-tc-sid: 49548123-9649-41b7-91db-308eabac46e4[\r][\n]"
18:48:50.717 [main] DEBUG com.github.dockerjava.zerodep.shaded.org.apache.hc.client5.http.wire - http-outgoing-0 >> "User-Agent: tc-java/1.19.1[\r][\n]"
18:48:50.717 [main] DEBUG com.github.dockerjava.zerodep.shaded.org.apache.hc.client5.http.wire - http-outgoing-0 >> "Accept-Encoding: gzip, x-gzip, deflate[\r][\n]"
18:48:50.717 [main] DEBUG com.github.dockerjava.zerodep.shaded.org.apache.hc.client5.http.wire - http-outgoing-0 >> "Host: localhost:2375[\r][\n]"
18:48:50.717 [main] DEBUG com.github.dockerjava.zerodep.shaded.org.apache.hc.client5.http.wire - http-outgoing-0 >> "Connection: keep-alive[\r][\n]"
18:48:50.717 [main] DEBUG com.github.dockerjava.zerodep.shaded.org.apache.hc.client5.http.wire - http-outgoing-0 >> "[\r][\n]"
18:48:50.727 [main] DEBUG com.github.dockerjava.zerodep.shaded.org.apache.hc.client5.http.wire - http-outgoing-0 << "HTTP/1.1 200 OK[\r][\n]"
18:48:50.727 [main] DEBUG com.github.dockerjava.zerodep.shaded.org.apache.hc.client5.http.wire - http-outgoing-0 << "Api-Version: 1.51[\r][\n]"
18:48:50.727 [main] DEBUG com.github.dockerjava.zerodep.shaded.org.apache.hc.client5.http.wire - http-outgoing-0 << "Content-Type: application/json[\r][\n]"
18:48:50.727 [main] DEBUG com.github.dockerjava.zerodep.shaded.org.apache.hc.client5.http.wire - http-outgoing-0 << "Date: Thu, 04 Sep 2025 10:48:50 GMT[\r][\n]"
18:48:50.727 [main] DEBUG com.github.dockerjava.zerodep.shaded.org.apache.hc.client5.http.wire - http-outgoing-0 << "Docker-Experimental: false[\r][\n]"
18:48:50.727 [main] DEBUG com.github.dockerjava.zerodep.shaded.org.apache.hc.client5.http.wire - http-outgoing-0 << "Ostype: linux[\r][\n]"
18:48:50.728 [main] DEBUG com.github.dockerjava.zerodep.shaded.org.apache.hc.client5.http.wire - http-outgoing-0 << "Server: Docker/28.3.3 (linux)[\r][\n]"
18:48:50.728 [main] DEBUG com.github.dockerjava.zerodep.shaded.org.apache.hc.client5.http.wire - http-outgoing-0 << "Transfer-Encoding: chunked[\r][\n]"
18:48:50.728 [main] DEBUG com.github.dockerjava.zerodep.shaded.org.apache.hc.client5.http.wire - http-outgoing-0 << "[\r][\n]"
18:48:50.728 [main] DEBUG com.github.dockerjava.zerodep.shaded.org.apache.hc.client5.http.headers - http-outgoing-0 << HTTP/1.1 200 OK
18:48:50.728 [main] DEBUG com.github.dockerjava.zerodep.shaded.org.apache.hc.client5.http.headers - http-outgoing-0 << Api-Version: 1.51
18:48:50.728 [main] DEBUG com.github.dockerjava.zerodep.shaded.org.apache.hc.client5.http.headers - http-outgoing-0 << Content-Type: application/json
18:48:50.728 [main] DEBUG com.github.dockerjava.zerodep.shaded.org.apache.hc.client5.http.headers - http-outgoing-0 << Date: Thu, 04 Sep 2025 10:48:50 GMT
18:48:50.728 [main] DEBUG com.github.dockerjava.zerodep.shaded.org.apache.hc.client5.http.headers - http-outgoing-0 << Docker-Experimental: false
18:48:50.728 [main] DEBUG com.github.dockerjava.zerodep.shaded.org.apache.hc.client5.http.headers - http-outgoing-0 << Ostype: linux
18:48:50.728 [main] DEBUG com.github.dockerjava.zerodep.shaded.org.apache.hc.client5.http.headers - http-outgoing-0 << Server: Docker/28.3.3 (linux)
18:48:50.728 [main] DEBUG com.github.dockerjava.zerodep.shaded.org.apache.hc.client5.http.headers - http-outgoing-0 << Transfer-Encoding: chunked
18:48:50.729 [main] DEBUG com.github.dockerjava.zerodep.shaded.org.apache.hc.client5.http.impl.classic.MainClientExec - ex-00000002: connection can be kept alive for 3 MINUTES
18:48:50.729 [main] DEBUG com.github.dockerjava.zerodep.shaded.org.apache.hc.client5.http.wire - http-outgoing-0 << "339[\r][\n]"
18:48:50.729 [main] DEBUG com.github.dockerjava.zerodep.shaded.org.apache.hc.client5.http.wire - http-outgoing-0 << "{"Platform":{"Name":"Docker Desktop 4.45.0 (203075)"},"Components":[{"Name":"Engine","Version":"28.3.3","Details":{"ApiVersion":"1.51","Arch":"arm64","BuildTime":"2025-07-25T11:35:32.000000000+00:00","Experimental":"false","GitCommit":"bea959c","GoVersion":"go1.24.5","KernelVersion":"6.10.14-linuxkit","MinAPIVersion":"1.24","Os":"linux"}},{"Name":"containerd","Version":"1.7.27","Details":{"GitCommit":"05044ec0a9a75232cad458027ca83437aae3f4da"}},{"Name":"runc","Version":"1.2.5","Details":{"GitCommit":"v1.2.5-0-g59923ef"}},{"Name":"docker-init","Version":"0.19.0","Details":{"GitCommit":"de40ad0"}}],"Version":"28.3.3","ApiVersion":"1.51","MinAPIVersion":"1.24","GitCommit":"bea959c","GoVersion":"go1.24.5","Os":"linux","Arch":"arm64","KernelVersion":"6.10.14-linuxkit","BuildTime":"2025-07-25T11:35:32.000000000+00:00"}[\n]"
18:48:50.729 [main] DEBUG com.github.dockerjava.zerodep.shaded.org.apache.hc.client5.http.wire - http-outgoing-0 << "[\r][\n]"
18:48:50.729 [main] DEBUG com.github.dockerjava.zerodep.shaded.org.apache.hc.client5.http.wire - http-outgoing-0 << "0[\r][\n]"
18:48:50.729 [main] DEBUG com.github.dockerjava.zerodep.shaded.org.apache.hc.client5.http.wire - http-outgoing-0 << "[\r][\n]"
18:48:50.751 [main] DEBUG com.github.dockerjava.zerodep.shaded.org.apache.hc.client5.http.impl.classic.InternalHttpClient - ep-00000001: releasing valid endpoint
18:48:50.751 [main] DEBUG com.github.dockerjava.zerodep.shaded.org.apache.hc.client5.http.impl.io.PoolingHttpClientConnectionManager - ep-00000001: releasing endpoint
18:48:50.751 [main] DEBUG com.github.dockerjava.zerodep.shaded.org.apache.hc.client5.http.impl.io.PoolingHttpClientConnectionManager - ep-00000001: connection http-outgoing-0 can be kept alive for 3 MINUTES
18:48:50.751 [main] DEBUG com.github.dockerjava.zerodep.shaded.org.apache.hc.client5.http.impl.io.PoolingHttpClientConnectionManager - ep-00000001: connection released [route: {}->unix://localhost:2375][total available: 1; route allocated: 1 of 2147483647; total allocated: 1 of 2147483647]
18:48:50.751 [main] DEBUG org.testcontainers.DockerClientFactory - Docker version: {Components=[{Name=Engine, Version=28.3.3, Details={ApiVersion=1.51, Arch=arm64, BuildTime=2025-07-25T11:35:32.000000000+00:00, Experimental=false, GitCommit=bea959c, GoVersion=go1.24.5, KernelVersion=6.10.14-linuxkit, MinAPIVersion=1.24, Os=linux}}, {Name=containerd, Version=1.7.27, Details={GitCommit=05044ec0a9a75232cad458027ca83437aae3f4da}}, {Name=runc, Version=1.2.5, Details={GitCommit=v1.2.5-0-g59923ef}}, {Name=docker-init, Version=0.19.0, Details={GitCommit=de40ad0}}], KernelVersion=6.10.14-linuxkit, ApiVersion=1.51, Platform={Name=Docker Desktop 4.45.0 (203075)}, GitCommit=bea959c, Os=linux, Version=28.3.3, MinAPIVersion=1.24, Arch=arm64, GoVersion=go1.24.5, BuildTime=2025-07-25T11:35:32.000000000+00:00}
18:48:50.751 [main] INFO org.testcontainers.DockerClientFactory - Connected to docker: 
  Server Version: 28.3.3
  API Version: 1.51
  Operating System: Docker Desktop
  Total Memory: 7937 MB
18:48:50.771 [main] DEBUG org.testcontainers.utility.RyukResourceReaper - Ryuk is enabled
18:48:50.775 [main] DEBUG org.testcontainers.utility.PrefixingImageNameSubstitutor - No prefix is configured
18:48:50.775 [main] DEBUG org.testcontainers.utility.ImageNameSubstitutor - Did not find a substitute image for testcontainers/ryuk:0.5.1 (using image substitutor: DefaultImageNameSubstitutor (composite of 'ConfigurationFileImageNameSubstitutor' and 'PrefixingImageNameSubstitutor'))
18:48:50.778 [main] DEBUG org.testcontainers.shaded.com.github.dockerjava.core.command.AbstrDockerCmd - Cmd: ListImagesCmdImpl[filters=org.testcontainers.shaded.com.github.dockerjava.core.util.FiltersBuilder@0,imageNameFilter=<null>,showAll=false]
18:48:50.785 [main] DEBUG com.github.dockerjava.zerodep.shaded.org.apache.hc.client5.http.impl.classic.InternalHttpClient - ex-00000003: preparing request execution
18:48:50.785 [main] DEBUG com.github.dockerjava.zerodep.shaded.org.apache.hc.client5.http.protocol.RequestAddCookies - Cookie spec selected: strict
18:48:50.785 [main] DEBUG com.github.dockerjava.zerodep.shaded.org.apache.hc.client5.http.protocol.RequestAuthCache - Auth cache not set in the context
18:48:50.785 [main] DEBUG com.github.dockerjava.zerodep.shaded.org.apache.hc.client5.http.impl.classic.ProtocolExec - ex-00000003: target auth state: UNCHALLENGED
18:48:50.785 [main] DEBUG com.github.dockerjava.zerodep.shaded.org.apache.hc.client5.http.impl.classic.ProtocolExec - ex-00000003: proxy auth state: UNCHALLENGED
18:48:50.785 [main] DEBUG com.github.dockerjava.zerodep.shaded.org.apache.hc.client5.http.impl.classic.ConnectExec - ex-00000003: acquiring connection with route {}->unix://localhost:2375
18:48:50.785 [main] DEBUG com.github.dockerjava.zerodep.shaded.org.apache.hc.client5.http.impl.classic.InternalHttpClient - ex-00000003: acquiring endpoint (3 MINUTES)
18:48:50.786 [main] DEBUG com.github.dockerjava.zerodep.shaded.org.apache.hc.client5.http.impl.io.PoolingHttpClientConnectionManager - ex-00000003: endpoint lease request (3 MINUTES) [route: {}->unix://localhost:2375][total available: 1; route allocated: 1 of 2147483647; total allocated: 1 of 2147483647]
18:48:50.786 [main] DEBUG com.github.dockerjava.zerodep.shaded.org.apache.hc.client5.http.impl.io.PoolingHttpClientConnectionManager - ex-00000003: endpoint leased [route: {}->unix://localhost:2375][total available: 0; route allocated: 1 of 2147483647; total allocated: 1 of 2147483647]
18:48:50.786 [main] DEBUG com.github.dockerjava.zerodep.shaded.org.apache.hc.client5.http.impl.io.PoolingHttpClientConnectionManager - ex-00000003: acquired ep-00000002
18:48:50.786 [main] DEBUG com.github.dockerjava.zerodep.shaded.org.apache.hc.client5.http.impl.classic.InternalHttpClient - ex-00000003: acquired endpoint ep-00000002
18:48:50.786 [main] DEBUG com.github.dockerjava.zerodep.shaded.org.apache.hc.client5.http.impl.classic.MainClientExec - ex-00000003: executing GET /v1.32/images/json HTTP/1.1
18:48:50.787 [main] DEBUG com.github.dockerjava.zerodep.shaded.org.apache.hc.client5.http.impl.classic.InternalHttpClient - ep-00000002: start execution ex-00000003
18:48:50.787 [main] DEBUG com.github.dockerjava.zerodep.shaded.org.apache.hc.client5.http.impl.io.PoolingHttpClientConnectionManager - ep-00000002: executing exchange ex-00000003 over http-outgoing-0
18:48:50.788 [main] DEBUG com.github.dockerjava.zerodep.shaded.org.apache.hc.client5.http.headers - http-outgoing-0 >> GET /v1.32/images/json HTTP/1.1
18:48:50.788 [main] DEBUG com.github.dockerjava.zerodep.shaded.org.apache.hc.client5.http.headers - http-outgoing-0 >> accept: application/json
18:48:50.788 [main] DEBUG com.github.dockerjava.zerodep.shaded.org.apache.hc.client5.http.headers - http-outgoing-0 >> x-tc-sid: 49548123-9649-41b7-91db-308eabac46e4
18:48:50.788 [main] DEBUG com.github.dockerjava.zerodep.shaded.org.apache.hc.client5.http.headers - http-outgoing-0 >> User-Agent: tc-java/1.19.1
18:48:50.789 [main] DEBUG com.github.dockerjava.zerodep.shaded.org.apache.hc.client5.http.headers - http-outgoing-0 >> Accept-Encoding: gzip, x-gzip, deflate
18:48:50.789 [main] DEBUG com.github.dockerjava.zerodep.shaded.org.apache.hc.client5.http.headers - http-outgoing-0 >> Host: localhost:2375
18:48:50.789 [main] DEBUG com.github.dockerjava.zerodep.shaded.org.apache.hc.client5.http.headers - http-outgoing-0 >> Connection: keep-alive
18:48:50.789 [main] DEBUG com.github.dockerjava.zerodep.shaded.org.apache.hc.client5.http.wire - http-outgoing-0 >> "GET /v1.32/images/json HTTP/1.1[\r][\n]"
18:48:50.789 [main] DEBUG com.github.dockerjava.zerodep.shaded.org.apache.hc.client5.http.wire - http-outgoing-0 >> "accept: application/json[\r][\n]"
18:48:50.789 [main] DEBUG com.github.dockerjava.zerodep.shaded.org.apache.hc.client5.http.wire - http-outgoing-0 >> "x-tc-sid: 49548123-9649-41b7-91db-308eabac46e4[\r][\n]"
18:48:50.789 [main] DEBUG com.github.dockerjava.zerodep.shaded.org.apache.hc.client5.http.wire - http-outgoing-0 >> "User-Agent: tc-java/1.19.1[\r][\n]"
18:48:50.789 [main] DEBUG com.github.dockerjava.zerodep.shaded.org.apache.hc.client5.http.wire - http-outgoing-0 >> "Accept-Encoding: gzip, x-gzip, deflate[\r][\n]"
18:48:50.789 [main] DEBUG com.github.dockerjava.zerodep.shaded.org.apache.hc.client5.http.wire - http-outgoing-0 >> "Host: localhost:2375[\r][\n]"
18:48:50.789 [main] DEBUG com.github.dockerjava.zerodep.shaded.org.apache.hc.client5.http.wire - http-outgoing-0 >> "Connection: keep-alive[\r][\n]"
18:48:50.789 [main] DEBUG com.github.dockerjava.zerodep.shaded.org.apache.hc.client5.http.wire - http-outgoing-0 >> "[\r][\n]"
18:48:50.805 [main] DEBUG com.github.dockerjava.zerodep.shaded.org.apache.hc.client5.http.wire - http-outgoing-0 << "HTTP/1.1 200 OK[\r][\n]"
18:48:50.805 [main] DEBUG com.github.dockerjava.zerodep.shaded.org.apache.hc.client5.http.wire - http-outgoing-0 << "Api-Version: 1.51[\r][\n]"
18:48:50.805 [main] DEBUG com.github.dockerjava.zerodep.shaded.org.apache.hc.client5.http.wire - http-outgoing-0 << "Content-Type: application/json[\r][\n]"
18:48:50.806 [main] DEBUG com.github.dockerjava.zerodep.shaded.org.apache.hc.client5.http.wire - http-outgoing-0 << "Date: Thu, 04 Sep 2025 10:48:50 GMT[\r][\n]"
18:48:50.806 [main] DEBUG com.github.dockerjava.zerodep.shaded.org.apache.hc.client5.http.wire - http-outgoing-0 << "Docker-Experimental: false[\r][\n]"
18:48:50.807 [main] DEBUG com.github.dockerjava.zerodep.shaded.org.apache.hc.client5.http.wire - http-outgoing-0 << "Ostype: linux[\r][\n]"
18:48:50.807 [main] DEBUG com.github.dockerjava.zerodep.shaded.org.apache.hc.client5.http.wire - http-outgoing-0 << "Server: Docker/28.3.3 (linux)[\r][\n]"
18:48:50.807 [main] DEBUG com.github.dockerjava.zerodep.shaded.org.apache.hc.client5.http.wire - http-outgoing-0 << "Transfer-Encoding: chunked[\r][\n]"
18:48:50.807 [main] DEBUG com.github.dockerjava.zerodep.shaded.org.apache.hc.client5.http.wire - http-outgoing-0 << "[\r][\n]"
18:48:50.807 [main] DEBUG com.github.dockerjava.zerodep.shaded.org.apache.hc.client5.http.headers - http-outgoing-0 << HTTP/1.1 200 OK
18:48:50.807 [main] DEBUG com.github.dockerjava.zerodep.shaded.org.apache.hc.client5.http.headers - http-outgoing-0 << Api-Version: 1.51
18:48:50.807 [main] DEBUG com.github.dockerjava.zerodep.shaded.org.apache.hc.client5.http.headers - http-outgoing-0 << Content-Type: application/json
18:48:50.807 [main] DEBUG com.github.dockerjava.zerodep.shaded.org.apache.hc.client5.http.headers - http-outgoing-0 << Date: Thu, 04 Sep 2025 10:48:50 GMT
18:48:50.807 [main] DEBUG com.github.dockerjava.zerodep.shaded.org.apache.hc.client5.http.headers - http-outgoing-0 << Docker-Experimental: false
18:48:50.807 [main] DEBUG com.github.dockerjava.zerodep.shaded.org.apache.hc.client5.http.headers - http-outgoing-0 << Ostype: linux
18:48:50.808 [main] DEBUG com.github.dockerjava.zerodep.shaded.org.apache.hc.client5.http.headers - http-outgoing-0 << Server: Docker/28.3.3 (linux)
18:48:50.808 [main] DEBUG com.github.dockerjava.zerodep.shaded.org.apache.hc.client5.http.headers - http-outgoing-0 << Transfer-Encoding: chunked
18:48:50.808 [main] DEBUG com.github.dockerjava.zerodep.shaded.org.apache.hc.client5.http.impl.classic.MainClientExec - ex-00000003: connection can be kept alive for 3 MINUTES
18:48:50.808 [main] DEBUG com.github.dockerjava.zerodep.shaded.org.apache.hc.client5.http.wire - http-outgoing-0 << "51b3[\r][\n]"
18:48:50.808 [main] DEBUG com.github.dockerjava.zerodep.shaded.org.apache.hc.client5.http.wire - http-outgoing-0 << "[{"Containers":-1,"Created":1753538246,"Id":"sha256:73a8133a1f5df90506aac651281faeda5a7743dd16c0689c69ceab49cc8f7fd8","Labels":null,"ParentId":"","RepoDigests":["opencoze/opencoze@sha256:7f5177d25d80147b7e4afcfd0e85a68c809d99748c042aac6b69317c6f3ab177"],"RepoTags":["opencoze/opencoze:latest"],"SharedSize":-1,"Size":824214920,"VirtualSize":824214920},{"Containers":-1,"Created":1752722518,"Id":"sha256:fb9be57e79783e6022bc91cffd305026b7c0459f5027af68d0233a603d8b3094","Labels":{"com.vmware.cp.artifact.flavor":"sha256:c50c90cfd9d12b445b011e6ad529f1ad3daea45c26d20b00732fae3cd71f6a83","org.opencontainers.image.base.name":"docker.io/bitnami/minideb:bookworm","org.opencontainers.image.created":"2025-07-17T03:19:48Z","org.opencontainers.image.description":"Application packaged by Broadcom, Inc.","org.opencontainers.image.documentation":"https://github.com/bitnami/containers/tree/main/bitnami/redis/README.md","org.opencontainers.image.source":"https://github.com/bitnami/containers/tree/main/bitnami/redis","org.opencontainers.image.title":"redis","org.opencontainers.image.vendor":"Broadcom, Inc.","org.opencontainers.image.version":"8.0.3"},"ParentId":"","RepoDigests":["bitnami/redis@sha256:5927ff3702df7106bbb7dcc0f8e3d053d979253c3aecce53f07f40db990f823b"],"RepoTags":["bitnami/redis:8.0"],"SharedSize":-1,"Size":179379065,"VirtualSize":179379065},{"Containers":-1,"Created":1751820718,"Id":"sha256:ff193672aa2e4dcab961338459336d0ddb6b5efdcc5cfc0ae828eebd3927930b","Labels":null,"ParentId":"","RepoDigests":["redis@sha256:bb186d083732f669da90be8b0f975a37812b15e913465bb14d845db72a4e3e08"],"RepoTags":["redis:7-alpine"],"SharedSize":-1,"Size":41743548,"VirtualSize":41743548},{"Containers":-1,"Created":1750712149,"Id":"sha256:922726fc0d661afcb92e832a3586bf29d68bfe1cd316fd38f39bf213425902ce","Labels":{"architecture":"aarch64","build-date":"2025-05-29T15:16:50","com.redhat.component":"ubi8-micro-container","com.redhat.license_terms":"https://www.redhat.com/en/about/red-hat-end-user-license-agreements#UBI","description":"MinIO object storage is fundamentally different. Designed for performance and the S3 API, it is 100% open-source. MinIO is ideal for large, private cloud environments with stringent security requirements and delivers mission-critical availability across a diverse range of workloads.","distribution-scope":"public","io.buildah.version":"1.33.12","io.k8s.description":"Very small image which doesn't install the package manager.","io.k8s.display-name":"Ubi8-micro","io.openshift.expose-services":"","maintainer":"MinIO Inc \u003cdev@min.io\u003e","name":"MinIO","release":"RELEASE.2025-06-13T11-33-47Z","summary":"MinIO is a High Performance Object Storage, API compatible with Amazon S3 cloud storage service.","url":"https://access.redhat.com/containers/#/registry.access.redhat.com/ubi8/ubi-micro/images/8.10-26","vcs-ref":"be611e3414a0692bd94bfcb467e3fcdeadbdd03e","vcs-type":"git","vendor":"MinIO Inc \u003cdev@min.io\u003e","version":"RELEASE.2025-06-13T11-33-47Z"},"ParentId":"","RepoDigests":["minio/minio@sha256:ad8a8318847c0bb7dcfe59caf407f12fad6f387bb66386ee772c4704f0a48d50"],"RepoTags":["minio/minio:RELEASE.2025-06-13T11-33-47Z-cpuv1"],"SharedSize":-1,"Size":167780483,"VirtualSize":167780483},{"Containers":-1,"Created":1749565189,"Id":"sha256:9a1898de8bcfd065f30c6ecbaa351672b15f84aba34f30870375b67604f57614","Labels":{"maintainer":"Ariga","org.opencontainers.image.created":"2025-06-10T14:13:35.039Z","org.opencontainers.image.description":"","org.opencontainers.image.licenses":"","org.opencontainers.image.revision":"0026c30d55d382ddfd924b9e1f83940e9b54733a","org.opencontainers.image.source":"","org.opencontainers.image.title":"Atlas CLI","org.opencontainers.image.url":"","org.opencontainers.image.vendor":"Ariga","org.opencontainers.image.version":"0.35.0-community-alpine"},"ParentId":"","RepoDigests":["arigaio/atlas@sha256:515e8186909f4a6b0e5ec43586d7281dd74024c5d84d95ba65c2453b8b38d5d8"],"RepoTags":["arigaio/atlas:0.35.0-community-alpine"],"SharedSize":-1,"Size":91052768,"VirtualSize":91052768},{"Containers":-1,"Created":1748149272,"Id":"sha256:268fed3944688d14c0132bb21b74d8ea96d63eb7d200e52156e3396f8d1361ea","Labels":{"architecture":"aarch64","build-date":"2025-04-17T10:34:00","com.redhat.component":"ubi8-micro-container","com.redhat.license_terms":"https://www.redhat.com/en/about/red-hat-end-user-license-agreements#UBI","description":"Very small image which doesn't install the package manager.","distribution-scope":"public","io.buildah.version":"1.33.12","io.k8s.description":"Very small image which doesn't install the package manager.","io.k8s.display-name":"Ubi8-micro","io.openshift.expose-services":"","maintainer":"MinIO Inc \u003cdev@min.io\u003e","name":"ubi8/ubi-micro","release":"24","summary":"ubi8 micro image","url":"https://access.redhat.com/containers/#/registry.access.redhat.com/ubi8/ubi-micro/images/8.10-24","vcs-ref":"be611e3414a0692bd94bfcb467e3fcdeadbdd03e","vcs-type":"git","vendor":"Red Hat, Inc.","version":"8.10"},"ParentId":"","RepoDigests":["minio/mc@sha256:41a3204156cfbf8d7b5ecbe08265a731acacb143eed7e401f431121df63dc630"],"RepoTags":["minio/mc:RELEASE.2025-05-21T01-59-54Z-cpuv1"],"SharedSize":-1,"Size":86818412,"VirtualSize":86818412},{"Containers":-1,"Created":1748055919,"Id":"sha256:17c1dba9f37bde99d643bc05cbe8643c4faa8ed8d6bf034a27bb92cbea6d0f63","Labels":null,"ParentId":"","RepoDigests":["alpine/curl@sha256:edbbe6f64e9890474df2864d7ee92941bb03ce17b07fd9cadc1d14e9453fc031"],"RepoTags":["alpine/curl:8.12.1"],"SharedSize":-1,"Size":13282470,"VirtualSize":13282470},{"Containers":-1,"Created":1747509102,"Id":"sha256:80ab3810a51f576044a1cd718a2f42fd552c375f0f103f89b51d32eab25f5abd","Labels":{"com.vmware.cp.artifact.flavor":"sha256:c50c90cfd9d12b445b011e6ad529f1ad3daea45c26d20b00732fae3cd71f6a83","org.opencontainers.image.base.name":"docker.io/bitnami/minideb:bookworm","org.opencontainers.image.created":"2025-05-17T19:09:40Z","org.opencontainers.image.description":"Application packaged by Broadcom, Inc.","org.opencontainers.image.documentation":"https://github.com/bitnami/containers/tree/main/bitnami/etcd/README.md","org.opencontainers.image.ref.name":"3.5.21-debian-12-r6","org.opencontainers.image.source":"https://github.com/bitnami/containers/tree/main/bitnami/etcd","org.opencontainers.image.title":"etcd","org.opencontainers.image.vendor":"Broadcom, Inc.","org.opencontainers.image.version":"3.5.21"},"ParentId":"","RepoDigests":["bitnami/etcd@sha256:1b9977cf4cce7546873e0ee50e684c38a38a4e7a27d22086fbd2b8a1b44a69d0"],"RepoTags":["bitnami/etcd:3.5"],"SharedSize":-1,"Size":235012497,"VirtualSize":235012497},{"Containers":-1,"Created":1747320314,"Id":"sha256:2e927b529d07bcccad9e263aaf5fe57baa42735242829c0f48f879710660d667","Labels":{"maintainer":"takatost@gmail.com","org.opencontainers.image.created":"2025-05-15T15:06:04.525Z","org.opencontainers.image.description":"Dify is an open-source LLM app development platform. Dify's intuitive interface combines AI workflow, RAG pipeline, agent capabilities, model management, observability features and more, letting you quickly go from prototype to production.","org.opencontainers.image.licenses":"NOASSERTION","org.opencontainers.image.revision":"4dc06ee43fa2851ceeed5460463d8041f1bdc405","org.opencontainers.image.source":"https://github.com/langgenius/dify","org.opencontainers.image.title":"dify","org.opencontainers.image.url":"https://github.com/langgenius/dify","org.opencontainers.image.version":"1.4.0"},"ParentId":"","RepoDigests":["langgenius/dify-web@sha256:6e479a3f7a4d8541ef212bc9f5d3f36acaa11c77231e11e5231d19b801f8e48f"],"RepoTags":["langgenius/dify-web:1.4.0"],"SharedSize":-1,"Size":526950945,"VirtualSize":526950945},{"Containers":-1,"Created":1747296343,"Id":"sha256:59d90eb5943a61cdd61d48e7c0bcde72055d2383ecd15d12d705b21d98306a0b","Labels":{"org.opencontainers.image.created":"2025-05-15T15:06:59.741Z","org.opencontainers.image.description":"Dify is an open-source LLM app development platform. Dify's intuitive interface combines AI workflow, RAG pipeline, agent capabilities, model management, observability features and more, letting you quickly go from prototype to production.","org"
18:48:50.893 [main] DEBUG com.github.dockerjava.zerodep.shaded.org.apache.hc.client5.http.wire - http-outgoing-0 << ".opencontainers.image.licenses":"NOASSERTION","org.opencontainers.image.revision":"4dc06ee43fa2851ceeed5460463d8041f1bdc405","org.opencontainers.image.source":"https://github.com/langgenius/dify","org.opencontainers.image.title":"dify","org.opencontainers.image.url":"https://github.com/langgenius/dify","org.opencontainers.image.version":"1.4.0"},"ParentId":"","RepoDigests":["langgenius/dify-api@sha256:73f235d7cf9877a7ec8f04a565341c7b2109fab74a85ef1d3790537c979c4091"],"RepoTags":["langgenius/dify-api:1.4.0"],"SharedSize":-1,"Size":2180761839,"VirtualSize":2180761839},{"Containers":-1,"Created":1747294204,"Id":"sha256:367aa938a09fea221c8f30dcaafaeb73528ee24f8e33a2c3e821b55bbf8267ec","Labels":{"org.opencontainers.image.ref.name":"ubuntu","org.opencontainers.image.version":"24.04"},"ParentId":"","RepoDigests":["langgenius/dify-plugin-daemon@sha256:aa6f8d3ba1274a05e06fcbaa1448a55e91473cfd210d4e3a2d3be07da9c32a6d"],"RepoTags":["langgenius/dify-plugin-daemon:0.0.10-local"],"SharedSize":-1,"Size":1290964058,"VirtualSize":1290964058},{"Containers":-1,"Created":1746612556,"Id":"sha256:5c2ad4db0b198e1d4d62a40b5195f34f8ac3e8276a442e3a0a67c7a39af04042","Labels":null,"ParentId":"","RepoDigests":["langgenius/dify-sandbox@sha256:4e65e8a351a2b17d11750b65403527a347e5cb938bc2271521ca7d689c008ad3"],"RepoTags":["langgenius/dify-sandbox:0.2.12"],"SharedSize":-1,"Size":635677895,"VirtualSize":635677895},{"Containers":-1,"Created":1745833142,"Id":"sha256:8eef9914f608b8c7958209435b31361d4c05d627e9cbbbb294d04c5d6d75837c","Labels":{"com.vmware.cp.artifact.flavor":"sha256:c50c90cfd9d12b445b011e6ad529f1ad3daea45c26d20b00732fae3cd71f6a83","org.opencontainers.image.base.name":"docker.io/bitnami/minideb:bookworm","org.opencontainers.image.created":"2025-04-28T09:29:48Z","org.opencontainers.image.description":"Application packaged by Broadcom, Inc.","org.opencontainers.image.documentation":"https://github.com/bitnami/containers/tree/main/bitnami/elasticsearch/README.md","org.opencontainers.image.ref.name":"8.18.0-debian-12-r2","org.opencontainers.image.source":"https://github.com/bitnami/containers/tree/main/bitnami/elasticsearch","org.opencontainers.image.title":"elasticsearch","org.opencontainers.image.vendor":"Broadcom, Inc.","org.opencontainers.image.version":"8.18.0"},"ParentId":"","RepoDigests":["bitnami/elasticsearch@sha256:4a7d14222c876a87c1ddd38e1128d8e42df80071b09ec54db5c32586c9cf5a38"],"RepoTags":["bitnami/elasticsearch:8.18.0"],"SharedSize":-1,"Size":1085130770,"VirtualSize":1085130770},{"Containers":-1,"Created":1745474540,"Id":"sha256:6b0c78d1d58f58951d96326653066bba882a557fc71e1987e4e77eebbeffda70","Labels":{"org.opencontainers.image.ref.name":"ubuntu","org.opencontainers.image.version":"24.04"},"ParentId":"","RepoDigests":["langgenius/dify-plugin-daemon@sha256:0162d476f5c5641dc67865e9b76c4dab826feca92ce7c6f9fc084a4ea9f6310a"],"RepoTags":["langgenius/dify-plugin-daemon:0.0.9-local"],"SharedSize":-1,"Size":1266370212,"VirtualSize":1266370212},{"Containers":-1,"Created":1744942473,"Id":"sha256:a5e7edbb7d1c8dae2db57491f80af432fb2016ac2734303da1a2b9c393da4f63","Labels":{"org.opencontainers.image.ref.name":"ubuntu","org.opencontainers.image.version":"22.04"},"ParentId":"","RepoDigests":["milvusdb/milvus@sha256:02e1d60d71ab60f435c60076f4fed2abe59602ecd5e18dcfe229c8c558c4379d"],"RepoTags":["milvusdb/milvus:v2.5.10"],"SharedSize":-1,"Size":1584039564,"VirtualSize":1584039564},{"Containers":-1,"Created":1744815031,"Id":"sha256:997e7f2550611062e12ab5f008169e1c768711c806646de5a3eb8aed5db2de90","Labels":{"maintainer":"NGINX Docker Maintainers \u003cdocker-maint@nginx.com\u003e"},"ParentId":"","RepoDigests":["nginx@sha256:fb39280b7b9eba5727c884a3c7810002e69e8f961cc373b89c92f14961d903a0"],"RepoTags":["nginx:latest"],"SharedSize":-1,"Size":197717769,"VirtualSize":197717769},{"Containers":-1,"Created":1744712116,"Id":"sha256:b2f81adb2f3335ee77c6a74a6099bea0c5dca5b51ed01cd84c7966d826992764","Labels":null,"ParentId":"","RepoDigests":["mysql@sha256:679e7e924f38a3cbb62a3d7df32924b83f7321a602d3f9f967c01b3df18495d6"],"RepoTags":["mysql:8.4.5"],"SharedSize":-1,"Size":779093633,"VirtualSize":779093633},{"Containers":-1,"Created":1742801085,"Id":"sha256:ecf10daa524ea861fd9b2c3788a84f80d1b4aca786f050b5b77e25c49810a13e","Labels":null,"ParentId":"","RepoDigests":["langgenius/dify-sandbox@sha256:9692656f31212a54f4f275e55d5b49f656357649aeed383e7397877d13854a2e"],"RepoTags":["langgenius/dify-sandbox:0.2.11"],"SharedSize":-1,"Size":633197948,"VirtualSize":633197948},{"Containers":-1,"Created":1740744652,"Id":"sha256:0040dc2f7006485690fe241027908612c6ab17efde64feda0e6e7a7bef0092b3","Labels":{"maintainer":"Ubuntu Server team \u003cubuntu-server@lists.ubuntu.com\u003e","org.opencontainers.image.ref.name":"ubuntu","org.opencontainers.image.version":"24.04"},"ParentId":"","RepoDigests":["ubuntu/squid@sha256:4ae822ff635a28cc59aa68f3d5697c35dd6005aeadd6d793508af52b536d7e77"],"RepoTags":["ubuntu/squid:latest"],"SharedSize":-1,"Size":284274386,"VirtualSize":284274386},{"Containers":-1,"Created":1740617592,"Id":"sha256:df80e414108a5ca1912c6c4e5f83d43653ef2affd01f7a9b55993333f3caf162","Labels":null,"ParentId":"","RepoDigests":["postgres@sha256:ef9d1517df69c4d27dbb9ddcec14f431a2442628603f4e9daa429b92ae6c3cd1"],"RepoTags":["postgres:15-alpine"],"SharedSize":-1,"Size":264729492,"VirtualSize":264729492},{"Containers":-1,"Created":1739822912,"Id":"sha256:f7c813944ce7b8875e5282244176169cec37074e496aa4a9d738c3b941adcdba","Labels":null,"ParentId":"","RepoDigests":["valkey/valkey@sha256:a560291eda3595674847834defff40887e27051c7ecf1afcd0c7ee89168e8e2f"],"RepoTags":["valkey/valkey:8"],"SharedSize":-1,"Size":153934586,"VirtualSize":153934586},{"Containers":-1,"Created":1739762938,"Id":"sha256:c2e6fc691491ad886f76edba42f823551fda71af841e46f6c2920f81e12cf037","Labels":{"org.opencontainers.image.ref.name":"ubuntu","org.opencontainers.image.version":"24.04"},"ParentId":"","RepoDigests":["langgenius/dify-plugin-daemon@sha256:116100125a0742f2f9f923b7e298fc982996d583593fd69acc4926477b266f0e"],"RepoTags":["langgenius/dify-plugin-daemon:0.0.2-local"],"SharedSize":-1,"Size":849803325,"VirtualSize":849803325},{"Containers":-1,"Created":1736180071,"Id":"sha256:5710bebadadc7eda48ac436ad3cf3a26a9366a58422702fe7ddeacff29b6b434","Labels":null,"ParentId":"","RepoDigests":["redis@sha256:148bb5411c184abd288d9aaed139c98123eeb8824c5d3fce03cf721db58066d8"],"RepoTags":["redis:6-alpine"],"SharedSize":-1,"Size":30378700,"VirtualSize":30378700},{"Containers":-1,"Created":1729140702,"Id":"sha256:e09eb1619e460ef111fac881b6a98c3354f237d117eb2cdbec937fe9a9ee06a4","Labels":null,"ParentId":"","RepoDigests":["langgenius/dify-sandbox@sha256:6c69b6e379255d5865dd9ac25b588942dc4a7a5e8f57afcf736080414459e8dd"],"RepoTags":["langgenius/dify-sandbox:0.2.10"],"SharedSize":-1,"Size":626246984,"VirtualSize":626246984},{"Containers":-1,"Created":1721687192,"Id":"sha256:a224e47ff4b4196857c3db35136115545d5039715a87ebfffdc6616836fbf1a7","Labels":null,"ParentId":"","RepoDigests":["mysql@sha256:ccb8f749bb5e59f9f8f03bf7282c7ef27a93a1814a24f0a8a926fb4e19b7fb97"],"RepoTags":["mysql:8.0.39"],"SharedSize":-1,"Size":590640273,"VirtualSize":590640273},{"Containers":-1,"Created":1703061976,"Id":"sha256:3f78362d27048aec6a9e17c49fe9280615439cc3ae35cf93e6cce0d2c490c721","Labels":{"architecture":"aarch64","build-date":"2023-12-07T06:07:13","com.redhat.component":"ubi9-micro-container","com.redhat.license_terms":"https://www.redhat.com/en/about/red-hat-end-user-license-agreements#UBI","description":"MinIO object storage is fundamentally different. Designed for performance and the S3 API, it is 100% open-source. MinIO is ideal for large, private cloud environments with stringent security requirements and delivers mission-critical availability across a diverse range of workloads.","distribution-scope":"public","io.buildah.version":"1.29.0","io.k8s.description":"Very small image which doesn't install the package manager.","io.k8s.display-name":"Ubi9-micro","io.openshift.expose-service"
18:48:50.908 [main] DEBUG com.github.dockerjava.zerodep.shaded.org.apache.hc.client5.http.wire - http-outgoing-0 << "s":"","maintainer":"MinIO Inc \u003cdev@min.io\u003e","name":"MinIO","release":"RELEASE.2023-12-20T01-00-02Z","summary":"MinIO is a High Performance Object Storage, API compatible with Amazon S3 cloud storage service.","url":"https://access.redhat.com/containers/#/registry.access.redhat.com/ubi9/ubi-micro/images/9.3-9","vcs-ref":"7c8efa4a6b572674bf941c8ad74c59eb3ac8b9df","vcs-type":"git","vendor":"MinIO Inc \u003cdev@min.io\u003e","version":"RELEASE.2023-12-20T01-00-02Z"},"ParentId":"","RepoDigests":["quay.io/minio/minio@sha256:5702ea3614203466e8e6616469e460567dc0c82def5a024a90426b25ee4a4d23"],"RepoTags":["quay.io/minio/minio:RELEASE.2023-12-20T01-00-02Z"],"SharedSize":-1,"Size":146508179,"VirtualSize":146508179},{"Containers":-1,"Created":1702386440,"Id":"sha256:23562195abe6c4d92cc3fb2a37e4c03fe2c4fc475b409bc01c98e0c9ea527c5a","Labels":{"org.label-schema.build-date":"2023-12-08T11:33:53.634979452Z","org.label-schema.license":"Elastic-License-2.0","org.label-schema.name":"Elasticsearch","org.label-schema.schema-version":"1.0","org.label-schema.url":"https://www.elastic.co/products/elasticsearch","org.label-schema.usage":"https://www.elastic.co/guide/en/elasticsearch/reference/index.html","org.label-schema.vcs-ref":"64cf052f3b56b1fd4449f5454cb88aca7e739d9a","org.label-schema.vcs-url":"https://github.com/elastic/elasticsearch","org.label-schema.vendor":"Elastic","org.label-schema.version":"8.11.3","org.opencontainers.image.created":"2023-12-08T11:33:53.634979452Z","org.opencontainers.image.documentation":"https://www.elastic.co/guide/en/elasticsearch/reference/index.html","org.opencontainers.image.licenses":"Elastic-License-2.0","org.opencontainers.image.ref.name":"ubuntu","org.opencontainers.image.revision":"64cf052f3b56b1fd4449f5454cb88aca7e739d9a","org.opencontainers.image.source":"https://github.com/elastic/elasticsearch","org.opencontainers.image.title":"Elasticsearch","org.opencontainers.image.url":"https://www.elastic.co/products/elasticsearch","org.opencontainers.image.vendor":"Elastic","org.opencontainers.image.version":"8.11.3"},"ParentId":"","RepoDigests":["elasticsearch@sha256:58a3a280935d830215802322e9a0373faaacdfd646477aa7e718939c2f29292a"],"RepoTags":["elasticsearch:8.11.3"],"SharedSize":-1,"Size":766919004,"VirtualSize":766919004},{"Containers":-1,"Created":1696431285,"Id":"sha256:b3bcb0ef48d7fc471e5d7f17356fc70c314229889bfbdbe31ca056a31ec5485f","Labels":null,"ParentId":"","RepoDigests":["postgres@sha256:35ce2187f2f7fb75e8e79493e13743596c21eb3789ff41ece145ae04d06e93a5"],"RepoTags":["postgres:15.4-alpine"],"SharedSize":-1,"Size":242266516,"VirtualSize":242266516},{"Containers":-1,"Created":1689988910,"Id":"sha256:a5e6f938c13843277ec4fe0b165319ad8fad9d5638dfc42245e56638314cbae8","Labels":null,"ParentId":"","RepoDigests":["mysql@sha256:ea68e51ffe9b96fef6076f1218af11301aeaf13c6201e0ec9aaef5791d5ddc5d"],"RepoTags":["mysql:8.0.33"],"SharedSize":-1,"Size":587073198,"VirtualSize":587073198},{"Containers":-1,"Created":1684336517,"Id":"sha256:8be3fdcaa3e89af39fed008cb8812a360bc4aae7098c708363ad773b4ea83315","Labels":{"org.testcontainers.ryuk":"true"},"ParentId":"","RepoDigests":["testcontainers/ryuk@sha256:533abc56c07b52a26c955d1e7ae428d810582ab01c156384ae79960eb5fa0775"],"RepoTags":["testcontainers/ryuk:0.5.1"],"SharedSize":-1,"Size":12171500,"VirtualSize":12171500},{"Containers":-1,"Created":1683216330,"Id":"sha256:b7fde6d5a98ec0224be96cb733a503b789483c64cb36a700541dea9cbb0c8da5","Labels":null,"ParentId":"","RepoDigests":["semitechnologies/weaviate@sha256:17a5238fcfc31d50427bb0e8338f01c3a0d62e27fbe3b6a9a6832b6e43b638bf"],"RepoTags":["semitechnologies/weaviate:1.19.0"],"SharedSize":-1,"Size":51006686,"VirtualSize":51006686},{"Containers":-1,"Created":1680807453,"Id":"sha256:21978c3803cadf60e8a2bd2723372465082383f95b0b9dc8732db719de6d259f","Labels":null,"ParentId":"","RepoDigests":["mysql@sha256:f496c25da703053a6e0717f1d52092205775304ea57535cc9fcaa6f35867800b"],"RepoTags":["mysql:8.0.32"],"SharedSize":-1,"Size":543811718,"VirtualSize":543811718},{"Containers":-1,"Created":1629077350,"Id":"sha256:0d6af9f1b6fba451c23f22383b601427c1f6f541c574ed1331e7c5990cb12b55","Labels":null,"ParentId":"","RepoDigests":["nsqio/nsq@sha256:aa1ac075d45fc3dccaafbe180b8dea5421bfc17df7a9699693987ef35b5be4ad"],"RepoTags":["nsqio/nsq:v1.2.1"],"SharedSize":-1,"Size":55205871,"VirtualSize":55205871},{"Containers":-1,"Created":1609414228,"Id":"sha256:1830dc3d5700e6c25ec699e1cf84db8b668cee6aa30d78bfcd29c3ac972849bf","Labels":null,"ParentId":"","RepoDigests":["apachecn0/hands-on-ml-2e-zh@sha256:5c49c2358b9ca70044e8abeabff9171b9a9ad4a46cb4fa0e0e48282ee4635358"],"RepoTags":["apachecn0/hands-on-ml-2e-zh:latest"],"SharedSize":-1,"Size":162003450,"VirtualSize":162003450}][\n]"
18:48:50.911 [main] DEBUG com.github.dockerjava.zerodep.shaded.org.apache.hc.client5.http.wire - http-outgoing-0 << "[\r][\n]"
18:48:50.911 [main] DEBUG com.github.dockerjava.zerodep.shaded.org.apache.hc.client5.http.wire - http-outgoing-0 << "0[\r][\n]"
18:48:50.911 [main] DEBUG com.github.dockerjava.zerodep.shaded.org.apache.hc.client5.http.wire - http-outgoing-0 << "[\r][\n]"
18:48:50.911 [main] DEBUG com.github.dockerjava.zerodep.shaded.org.apache.hc.client5.http.impl.classic.InternalHttpClient - ep-00000002: releasing valid endpoint
18:48:50.911 [main] DEBUG com.github.dockerjava.zerodep.shaded.org.apache.hc.client5.http.impl.io.PoolingHttpClientConnectionManager - ep-00000002: releasing endpoint
18:48:50.912 [main] DEBUG com.github.dockerjava.zerodep.shaded.org.apache.hc.client5.http.impl.io.PoolingHttpClientConnectionManager - ep-00000002: connection http-outgoing-0 can be kept alive for 3 MINUTES
18:48:50.912 [main] DEBUG com.github.dockerjava.zerodep.shaded.org.apache.hc.client5.http.impl.io.PoolingHttpClientConnectionManager - ep-00000002: connection released [route: {}->unix://localhost:2375][total available: 1; route allocated: 1 of 2147483647; total allocated: 1 of 2147483647]
18:48:50.942 [main] DEBUG org.testcontainers.images.AbstractImagePullPolicy - Using locally available and not pulling image: testcontainers/ryuk:0.5.1
18:48:50.943 [main] DEBUG tc.testcontainers/ryuk:0.5.1 - Starting container: testcontainers/ryuk:0.5.1
18:48:50.945 [main] DEBUG tc.testcontainers/ryuk:0.5.1 - Trying to start container: testcontainers/ryuk:0.5.1 (attempt 1/1)
18:48:50.946 [main] DEBUG tc.testcontainers/ryuk:0.5.1 - Starting container: testcontainers/ryuk:0.5.1
18:48:50.947 [main] INFO tc.testcontainers/ryuk:0.5.1 - Creating container for image: testcontainers/ryuk:0.5.1
18:48:50.952 [main] DEBUG org.testcontainers.utility.RegistryAuthLocator - Looking up auth config for image: testcontainers/ryuk:0.5.1 at registry: https://index.docker.io/v1/
18:48:50.955 [main] DEBUG org.testcontainers.utility.RegistryAuthLocator - RegistryAuthLocator has configFile: /Users/chengpeng/.docker/config.json (exists) configEnv: DOCKER_AUTH_CONFIG (does not exist) and commandPathPrefix: 
18:48:50.955 [main] DEBUG org.testcontainers.utility.RegistryAuthLocator - RegistryAuthLocator reading from configFile: /Users/chengpeng/.docker/config.json
18:48:50.956 [main] DEBUG org.testcontainers.utility.RegistryAuthLocator - registryName [https://index.docker.io/v1/] for dockerImageName [testcontainers/ryuk:0.5.1]
18:48:50.956 [main] DEBUG org.testcontainers.utility.RegistryAuthLocator - Executing docker credential provider: docker-credential-desktop to locate auth config for: https://index.docker.io/v1/
18:48:50.963 [main] DEBUG org.testcontainers.shaded.org.zeroturnaround.exec.ProcessExecutor - Executing [docker-credential-desktop, get].
18:48:50.981 [main] DEBUG org.testcontainers.shaded.org.zeroturnaround.exec.ProcessExecutor - Started java.lang.UNIXProcess@66b7550d
18:48:51.111 [WaitForProcess-java.lang.UNIXProcess@66b7550d] DEBUG org.testcontainers.shaded.org.zeroturnaround.exec.WaitForProcess - java.lang.UNIXProcess@66b7550d stopped with exit code 0
18:48:51.116 [main] DEBUG org.testcontainers.utility.RegistryAuthLocator - Credential helper/store provided auth config for: https://index.docker.io/v1/
18:48:51.118 [main] DEBUG org.testcontainers.utility.RegistryAuthLocator - found creds store auth config [AuthConfig{username=championcp, password=hidden non-blank value, auth=blank, email=null, registryAddress=https://index.docker.io/v1/, registryToken=blank}]
18:48:51.118 [main] DEBUG org.testcontainers.utility.RegistryAuthLocator - Cached auth found: [AuthConfig{username=championcp, password=hidden non-blank value, auth=blank, email=null, registryAddress=https://index.docker.io/v1/, registryToken=blank}]
18:48:51.118 [main] DEBUG org.testcontainers.dockerclient.AuthDelegatingDockerClientConfig - Effective auth config [AuthConfig{username=championcp, password=hidden non-blank value, auth=blank, email=null, registryAddress=https://index.docker.io/v1/, registryToken=blank}]
18:48:51.130 [main] DEBUG org.testcontainers.shaded.com.github.dockerjava.core.command.AbstrDockerCmd - Cmd: org.testcontainers.shaded.com.github.dockerjava.core.command.CreateContainerCmdImpl@3382f8ae[aliases=<null>,argsEscaped=<null>,attachStderr=<null>,attachStdin=<null>,attachStdout=<null>,authConfig=AuthConfig(username=championcp, email=null, registryAddress=https://index.docker.io/v1/, stackOrchestrator=null),cmd={},domainName=<null>,entrypoint=<null>,env={},exposedPorts=ExposedPorts(exposedPorts=[8080/tcp]),healthcheck=<null>,hostConfig=HostConfig(binds=[/var/run/docker.sock:/var/run/docker.sock:rw], blkioWeight=null, blkioWeightDevice=null, blkioDeviceReadBps=null, blkioDeviceWriteBps=null, blkioDeviceReadIOps=null, blkioDeviceWriteIOps=null, memorySwappiness=null, nanoCPUs=null, capAdd=null, capDrop=null, containerIDFile=null, cpuPeriod=null, cpuRealtimePeriod=null, cpuRealtimeRuntime=null, cpuShares=null, cpuQuota=null, cpusetCpus=null, cpusetMems=null, devices=null, deviceCgroupRules=null, deviceRequests=null, diskQuota=null, dns=null, dnsOptions=null, dnsSearch=null, extraHosts=[], groupAdd=null, ipcMode=null, cgroup=null, links=[], logConfig=LogConfig(type=null, config=null), lxcConf=null, memory=null, memorySwap=null, memoryReservation=null, kernelMemory=null, networkMode=null, oomKillDisable=null, init=null, autoRemove=true, oomScoreAdj=null, portBindings={8080/tcp=[Lcom.github.dockerjava.api.model.Ports$Binding;@4504d271}, privileged=true, publishAllPorts=null, readonlyRootfs=null, restartPolicy=null, ulimits=null, cpuCount=null, cpuPercent=null, ioMaximumIOps=null, ioMaximumBandwidth=null, volumesFrom=[], mounts=null, pidMode=null, isolation=null, securityOpts=null, storageOpt=null, cgroupParent=null, volumeDriver=null, shmSize=null, pidsLimit=null, runtime=null, tmpFs=null, utSMode=null, usernsMode=null, sysctls=null, consoleSize=null, cgroupnsMode=null),hostName=<null>,image=testcontainers/ryuk:0.5.1,ipv4Address=<null>,ipv6Address=<null>,labels={org.testcontainers=true, org.testcontainers.lang=java, org.testcontainers.version=1.19.1},macAddress=<null>,name=testcontainers-ryuk-49548123-9649-41b7-91db-308eabac46e4,networkDisabled=<null>,networkingConfig=<null>,onBuild=<null>,platform=<null>,portSpecs=<null>,shell=<null>,stdInOnce=<null>,stdinOpen=<null>,stopSignal=<null>,stopTimeout=<null>,tty=<null>,user=<null>,volumes=Volumes(volumes=[]),workingDir=<null>]
18:48:51.289 [main] DEBUG com.github.dockerjava.zerodep.shaded.org.apache.hc.client5.http.impl.classic.InternalHttpClient - ex-00000004: preparing request execution
18:48:51.289 [main] DEBUG com.github.dockerjava.zerodep.shaded.org.apache.hc.client5.http.protocol.RequestAddCookies - Cookie spec selected: strict
18:48:51.290 [main] DEBUG com.github.dockerjava.zerodep.shaded.org.apache.hc.client5.http.protocol.RequestAuthCache - Auth cache not set in the context
18:48:51.290 [main] DEBUG com.github.dockerjava.zerodep.shaded.org.apache.hc.client5.http.impl.classic.ProtocolExec - ex-00000004: target auth state: UNCHALLENGED
18:48:51.291 [main] DEBUG com.github.dockerjava.zerodep.shaded.org.apache.hc.client5.http.impl.classic.ProtocolExec - ex-00000004: proxy auth state: UNCHALLENGED
18:48:51.291 [main] DEBUG com.github.dockerjava.zerodep.shaded.org.apache.hc.client5.http.impl.classic.ConnectExec - ex-00000004: acquiring connection with route {}->unix://localhost:2375
18:48:51.291 [main] DEBUG com.github.dockerjava.zerodep.shaded.org.apache.hc.client5.http.impl.classic.InternalHttpClient - ex-00000004: acquiring endpoint (3 MINUTES)
18:48:51.291 [main] DEBUG com.github.dockerjava.zerodep.shaded.org.apache.hc.client5.http.impl.io.PoolingHttpClientConnectionManager - ex-00000004: endpoint lease request (3 MINUTES) [route: {}->unix://localhost:2375][total available: 1; route allocated: 1 of 2147483647; total allocated: 1 of 2147483647]
18:48:51.291 [main] DEBUG com.github.dockerjava.zerodep.shaded.org.apache.hc.client5.http.impl.io.PoolingHttpClientConnectionManager - ex-00000004: endpoint leased [route: {}->unix://localhost:2375][total available: 0; route allocated: 1 of 2147483647; total allocated: 1 of 2147483647]
18:48:51.291 [main] DEBUG com.github.dockerjava.zerodep.shaded.org.apache.hc.client5.http.impl.io.PoolingHttpClientConnectionManager - ex-00000004: acquired ep-00000003
18:48:51.291 [main] DEBUG com.github.dockerjava.zerodep.shaded.org.apache.hc.client5.http.impl.classic.InternalHttpClient - ex-00000004: acquired endpoint ep-00000003
18:48:51.291 [main] DEBUG com.github.dockerjava.zerodep.shaded.org.apache.hc.client5.http.impl.classic.MainClientExec - ex-00000004: executing POST /v1.32/containers/create?name=testcontainers-ryuk-49548123-9649-41b7-91db-308eabac46e4 HTTP/1.1
18:48:51.292 [main] DEBUG com.github.dockerjava.zerodep.shaded.org.apache.hc.client5.http.impl.classic.InternalHttpClient - ep-00000003: start execution ex-00000004
18:48:51.292 [main] DEBUG com.github.dockerjava.zerodep.shaded.org.apache.hc.client5.http.impl.io.PoolingHttpClientConnectionManager - ep-00000003: executing exchange ex-00000004 over http-outgoing-0
18:48:51.292 [main] DEBUG com.github.dockerjava.zerodep.shaded.org.apache.hc.client5.http.headers - http-outgoing-0 >> POST /v1.32/containers/create?name=testcontainers-ryuk-49548123-9649-41b7-91db-308eabac46e4 HTTP/1.1
18:48:51.292 [main] DEBUG com.github.dockerjava.zerodep.shaded.org.apache.hc.client5.http.headers - http-outgoing-0 >> X-Registry-Auth: eyJ1c2VybmFtZSI6ImNoYW1waW9uY3AiLCJwYXNzd29yZCI6ImRja3JfcGF0X3RlQjl5T1RXMFNISWtBai03LWhIWFpDNUMzRSIsImVtYWlsIjpudWxsLCJzZXJ2ZXJhZGRyZXNzIjoiaHR0cHM6Ly9pbmRleC5kb2NrZXIuaW8vdjEvIiwiYXV0aCI6bnVsbCwicmVnaXN0cnl0b2tlbiI6bnVsbCwiaWRlbnRpdHl0b2tlbiI6bnVsbCwic3RhY2tPcmNoZXN0cmF0b3IiOm51bGx9
18:48:51.292 [main] DEBUG com.github.dockerjava.zerodep.shaded.org.apache.hc.client5.http.headers - http-outgoing-0 >> accept: application/json
18:48:51.292 [main] DEBUG com.github.dockerjava.zerodep.shaded.org.apache.hc.client5.http.headers - http-outgoing-0 >> content-type: application/json
18:48:51.292 [main] DEBUG com.github.dockerjava.zerodep.shaded.org.apache.hc.client5.http.headers - http-outgoing-0 >> x-tc-sid: 49548123-9649-41b7-91db-308eabac46e4
18:48:51.292 [main] DEBUG com.github.dockerjava.zerodep.shaded.org.apache.hc.client5.http.headers - http-outgoing-0 >> User-Agent: tc-java/1.19.1
18:48:51.292 [main] DEBUG com.github.dockerjava.zerodep.shaded.org.apache.hc.client5.http.headers - http-outgoing-0 >> Accept-Encoding: gzip, x-gzip, deflate
18:48:51.292 [main] DEBUG com.github.dockerjava.zerodep.shaded.org.apache.hc.client5.http.headers - http-outgoing-0 >> Content-Length: 1954
18:48:51.292 [main] DEBUG com.github.dockerjava.zerodep.shaded.org.apache.hc.client5.http.headers - http-outgoing-0 >> Host: localhost:2375
18:48:51.292 [main] DEBUG com.github.dockerjava.zerodep.shaded.org.apache.hc.client5.http.headers - http-outgoing-0 >> Connection: keep-alive
18:48:51.292 [main] DEBUG com.github.dockerjava.zerodep.shaded.org.apache.hc.client5.http.wire - http-outgoing-0 >> "POST /v1.32/containers/create?name=testcontainers-ryuk-49548123-9649-41b7-91db-308eabac46e4 HTTP/1.1[\r][\n]"
18:48:51.293 [main] DEBUG com.github.dockerjava.zerodep.shaded.org.apache.hc.client5.http.wire - http-outgoing-0 >> "X-Registry-Auth: eyJ1c2VybmFtZSI6ImNoYW1waW9uY3AiLCJwYXNzd29yZCI6ImRja3JfcGF0X3RlQjl5T1RXMFNISWtBai03LWhIWFpDNUMzRSIsImVtYWlsIjpudWxsLCJzZXJ2ZXJhZGRyZXNzIjoiaHR0cHM6Ly9pbmRleC5kb2NrZXIuaW8vdjEvIiwiYXV0aCI6bnVsbCwicmVnaXN0cnl0b2tlbiI6bnVsbCwiaWRlbnRpdHl0b2tlbiI6bnVsbCwic3RhY2tPcmNoZXN0cmF0b3IiOm51bGx9[\r][\n]"
18:48:51.294 [main] DEBUG com.github.dockerjava.zerodep.shaded.org.apache.hc.client5.http.wire - http-outgoing-0 >> "accept: application/json[\r][\n]"
18:48:51.294 [main] DEBUG com.github.dockerjava.zerodep.shaded.org.apache.hc.client5.http.wire - http-outgoing-0 >> "content-type: application/json[\r][\n]"
18:48:51.294 [main] DEBUG com.github.dockerjava.zerodep.shaded.org.apache.hc.client5.http.wire - http-outgoing-0 >> "x-tc-sid: 49548123-9649-41b7-91db-308eabac46e4[\r][\n]"
18:48:51.294 [main] DEBUG com.github.dockerjava.zerodep.shaded.org.apache.hc.client5.http.wire - http-outgoing-0 >> "User-Agent: tc-java/1.19.1[\r][\n]"
18:48:51.294 [main] DEBUG com.github.dockerjava.zerodep.shaded.org.apache.hc.client5.http.wire - http-outgoing-0 >> "Accept-Encoding: gzip, x-gzip, deflate[\r][\n]"
18:48:51.294 [main] DEBUG com.github.dockerjava.zerodep.shaded.org.apache.hc.client5.http.wire - http-outgoing-0 >> "Content-Length: 1954[\r][\n]"
18:48:51.294 [main] DEBUG com.github.dockerjava.zerodep.shaded.org.apache.hc.client5.http.wire - http-outgoing-0 >> "Host: localhost:2375[\r][\n]"
18:48:51.294 [main] DEBUG com.github.dockerjava.zerodep.shaded.org.apache.hc.client5.http.wire - http-outgoing-0 >> "Connection: keep-alive[\r][\n]"
18:48:51.294 [main] DEBUG com.github.dockerjava.zerodep.shaded.org.apache.hc.client5.http.wire - http-outgoing-0 >> "[\r][\n]"
18:48:51.295 [main] DEBUG com.github.dockerjava.zerodep.shaded.org.apache.hc.client5.http.wire - http-outgoing-0 >> "{"Hostname":null,"Domainname":null,"User":null,"AttachStdin":null,"AttachStdout":null,"AttachStderr":null,"PortSpecs":null,"Tty":null,"OpenStdin":null,"StdinOnce":null,"Env":[],"Cmd":[],"Healthcheck":null,"ArgsEscaped":null,"Entrypoint":null,"Image":"testcontainers/ryuk:0.5.1","Volumes":{},"WorkingDir":null,"MacAddress":null,"OnBuild":null,"NetworkDisabled":null,"ExposedPorts":{"8080/tcp":{}},"StopSignal":null,"StopTimeout":null,"HostConfig":{"Binds":["/var/run/docker.sock:/var/run/docker.sock:rw"],"BlkioWeight":null,"BlkioWeightDevice":null,"BlkioDeviceReadBps":null,"BlkioDeviceWriteBps":null,"BlkioDeviceReadIOps":null,"BlkioDeviceWriteIOps":null,"MemorySwappiness":null,"NanoCpus":null,"CapAdd":null,"CapDrop":null,"ContainerIDFile":null,"CpuPeriod":null,"CpuRealtimePeriod":null,"CpuRealtimeRuntime":null,"CpuShares":null,"CpuQuota":null,"CpusetCpus":null,"CpusetMems":null,"Devices":null,"DeviceCgroupRules":null,"DeviceRequests":null,"DiskQuota":null,"Dns":null,"DnsOptions":null,"DnsSearch":null,"ExtraHosts":[],"GroupAdd":null,"IpcMode":null,"Cgroup":null,"Links":[],"LogConfig":null,"LxcConf":null,"Memory":null,"MemorySwap":null,"MemoryReservation":null,"KernelMemory":null,"NetworkMode":null,"OomKillDisable":null,"Init":null,"AutoRemove":true,"OomScoreAdj":null,"PortBindings":{"8080/tcp":[{"HostIp":"","HostPort":""}]},"Privileged":true,"PublishAllPorts":null,"ReadonlyRootfs":null,"RestartPolicy":null,"Ulimits":null,"CpuCount":null,"CpuPercent":null,"IOMaximumIOps":null,"IOMaximumBandwidth":null,"VolumesFrom":[],"Mounts":null,"PidMode":null,"Isolation":null,"SecurityOpt":null,"StorageOpt":null,"CgroupParent":null,"VolumeDriver":null,"ShmSize":null,"PidsLimit":null,"Runtime":null,"Tmpfs":null,"UTSMode":null,"UsernsMode":null,"Sysctls":null,"ConsoleSize":null,"CgroupnsMode":null},"Labels":{"org.testcontainers":"true","org.testcontainers.lang":"java","org.testcontainers.version":"1.19.1"},"Shell":null,"NetworkingConfig":null}"
18:48:51.328 [main] DEBUG com.github.dockerjava.zerodep.shaded.org.apache.hc.client5.http.wire - http-outgoing-0 << "HTTP/1.1 201 Created[\r][\n]"
18:48:51.333 [main] DEBUG com.github.dockerjava.zerodep.shaded.org.apache.hc.client5.http.wire - http-outgoing-0 << "Api-Version: 1.51[\r][\n]"
18:48:51.335 [main] DEBUG com.github.dockerjava.zerodep.shaded.org.apache.hc.client5.http.wire - http-outgoing-0 << "Content-Type: application/json[\r][\n]"
18:48:51.336 [main] DEBUG com.github.dockerjava.zerodep.shaded.org.apache.hc.client5.http.wire - http-outgoing-0 << "Date: Thu, 04 Sep 2025 10:48:51 GMT[\r][\n]"
18:48:51.336 [main] DEBUG com.github.dockerjava.zerodep.shaded.org.apache.hc.client5.http.wire - http-outgoing-0 << "Docker-Experimental: false[\r][\n]"
18:48:51.336 [main] DEBUG com.github.dockerjava.zerodep.shaded.org.apache.hc.client5.http.wire - http-outgoing-0 << "Ostype: linux[\r][\n]"
18:48:51.336 [main] DEBUG com.github.dockerjava.zerodep.shaded.org.apache.hc.client5.http.wire - http-outgoing-0 << "Server: Docker/28.3.3 (linux)[\r][\n]"
18:48:51.336 [main] DEBUG com.github.dockerjava.zerodep.shaded.org.apache.hc.client5.http.wire - http-outgoing-0 << "Transfer-Encoding: chunked[\r][\n]"
18:48:51.337 [main] DEBUG com.github.dockerjava.zerodep.shaded.org.apache.hc.client5.http.wire - http-outgoing-0 << "[\r][\n]"
18:48:51.337 [main] DEBUG com.github.dockerjava.zerodep.shaded.org.apache.hc.client5.http.wire - http-outgoing-0 << "58[\r][\n]"
18:48:51.338 [main] DEBUG com.github.dockerjava.zerodep.shaded.org.apache.hc.client5.http.wire - http-outgoing-0 << "{"Id":"40d15cb2bf2f7419e872d2320696135c47457e2846a9875c6da8156cc001454b","Warnings":[]}[\n]"
18:48:51.338 [main] DEBUG com.github.dockerjava.zerodep.shaded.org.apache.hc.client5.http.wire - http-outgoing-0 << "[\r][\n]"
18:48:51.338 [main] DEBUG com.github.dockerjava.zerodep.shaded.org.apache.hc.client5.http.headers - http-outgoing-0 << HTTP/1.1 201 Created
18:48:51.338 [main] DEBUG com.github.dockerjava.zerodep.shaded.org.apache.hc.client5.http.headers - http-outgoing-0 << Api-Version: 1.51
18:48:51.338 [main] DEBUG com.github.dockerjava.zerodep.shaded.org.apache.hc.client5.http.headers - http-outgoing-0 << Content-Type: application/json
18:48:51.338 [main] DEBUG com.github.dockerjava.zerodep.shaded.org.apache.hc.client5.http.headers - http-outgoing-0 << Date: Thu, 04 Sep 2025 10:48:51 GMT
18:48:51.338 [main] DEBUG com.github.dockerjava.zerodep.shaded.org.apache.hc.client5.http.headers - http-outgoing-0 << Docker-Experimental: false
18:48:51.338 [main] DEBUG com.github.dockerjava.zerodep.shaded.org.apache.hc.client5.http.headers - http-outgoing-0 << Ostype: linux
18:48:51.338 [main] DEBUG com.github.dockerjava.zerodep.shaded.org.apache.hc.client5.http.headers - http-outgoing-0 << Server: Docker/28.3.3 (linux)
18:48:51.338 [main] DEBUG com.github.dockerjava.zerodep.shaded.org.apache.hc.client5.http.headers - http-outgoing-0 << Transfer-Encoding: chunked
18:48:51.339 [main] DEBUG com.github.dockerjava.zerodep.shaded.org.apache.hc.client5.http.impl.classic.MainClientExec - ex-00000004: connection can be kept alive for 3 MINUTES
18:48:51.365 [main] DEBUG com.github.dockerjava.zerodep.shaded.org.apache.hc.client5.http.wire - http-outgoing-0 << "0[\r][\n]"
18:48:51.366 [main] DEBUG com.github.dockerjava.zerodep.shaded.org.apache.hc.client5.http.wire - http-outgoing-0 << "[\r][\n]"
18:48:51.366 [main] DEBUG com.github.dockerjava.zerodep.shaded.org.apache.hc.client5.http.impl.classic.InternalHttpClient - ep-00000003: releasing valid endpoint
18:48:51.366 [main] DEBUG com.github.dockerjava.zerodep.shaded.org.apache.hc.client5.http.impl.io.PoolingHttpClientConnectionManager - ep-00000003: releasing endpoint
18:48:51.366 [main] DEBUG com.github.dockerjava.zerodep.shaded.org.apache.hc.client5.http.impl.io.PoolingHttpClientConnectionManager - ep-00000003: connection http-outgoing-0 can be kept alive for 3 MINUTES
18:48:51.366 [main] DEBUG com.github.dockerjava.zerodep.shaded.org.apache.hc.client5.http.impl.io.PoolingHttpClientConnectionManager - ep-00000003: connection released [route: {}->unix://localhost:2375][total available: 1; route allocated: 1 of 2147483647; total allocated: 1 of 2147483647]
18:48:51.370 [main] INFO tc.testcontainers/ryuk:0.5.1 - Container testcontainers/ryuk:0.5.1 is starting: 40d15cb2bf2f7419e872d2320696135c47457e2846a9875c6da8156cc001454b
18:48:51.371 [main] DEBUG org.testcontainers.shaded.com.github.dockerjava.core.command.AbstrDockerCmd - Cmd: 40d15cb2bf2f7419e872d2320696135c47457e2846a9875c6da8156cc001454b
18:48:51.372 [main] DEBUG com.github.dockerjava.zerodep.shaded.org.apache.hc.client5.http.impl.classic.InternalHttpClient - ex-00000005: preparing request execution
18:48:51.372 [main] DEBUG com.github.dockerjava.zerodep.shaded.org.apache.hc.client5.http.protocol.RequestAddCookies - Cookie spec selected: strict
18:48:51.372 [main] DEBUG com.github.dockerjava.zerodep.shaded.org.apache.hc.client5.http.protocol.RequestAuthCache - Auth cache not set in the context
18:48:51.372 [main] DEBUG com.github.dockerjava.zerodep.shaded.org.apache.hc.client5.http.impl.classic.ProtocolExec - ex-00000005: target auth state: UNCHALLENGED
18:48:51.372 [main] DEBUG com.github.dockerjava.zerodep.shaded.org.apache.hc.client5.http.impl.classic.ProtocolExec - ex-00000005: proxy auth state: UNCHALLENGED
18:48:51.372 [main] DEBUG com.github.dockerjava.zerodep.shaded.org.apache.hc.client5.http.impl.classic.ConnectExec - ex-00000005: acquiring connection with route {}->unix://localhost:2375
18:48:51.372 [main] DEBUG com.github.dockerjava.zerodep.shaded.org.apache.hc.client5.http.impl.classic.InternalHttpClient - ex-00000005: acquiring endpoint (3 MINUTES)
18:48:51.372 [main] DEBUG com.github.dockerjava.zerodep.shaded.org.apache.hc.client5.http.impl.io.PoolingHttpClientConnectionManager - ex-00000005: endpoint lease request (3 MINUTES) [route: {}->unix://localhost:2375][total available: 1; route allocated: 1 of 2147483647; total allocated: 1 of 2147483647]
18:48:51.373 [main] DEBUG com.github.dockerjava.zerodep.shaded.org.apache.hc.client5.http.impl.io.PoolingHttpClientConnectionManager - ex-00000005: endpoint leased [route: {}->unix://localhost:2375][total available: 0; route allocated: 1 of 2147483647; total allocated: 1 of 2147483647]
18:48:51.373 [main] DEBUG com.github.dockerjava.zerodep.shaded.org.apache.hc.client5.http.impl.io.PoolingHttpClientConnectionManager - ex-00000005: acquired ep-00000004
18:48:51.373 [main] DEBUG com.github.dockerjava.zerodep.shaded.org.apache.hc.client5.http.impl.classic.InternalHttpClient - ex-00000005: acquired endpoint ep-00000004
18:48:51.373 [main] DEBUG com.github.dockerjava.zerodep.shaded.org.apache.hc.client5.http.impl.classic.MainClientExec - ex-00000005: executing POST /v1.32/containers/40d15cb2bf2f7419e872d2320696135c47457e2846a9875c6da8156cc001454b/start HTTP/1.1
18:48:51.373 [main] DEBUG com.github.dockerjava.zerodep.shaded.org.apache.hc.client5.http.impl.classic.InternalHttpClient - ep-00000004: start execution ex-00000005
18:48:51.373 [main] DEBUG com.github.dockerjava.zerodep.shaded.org.apache.hc.client5.http.impl.io.PoolingHttpClientConnectionManager - ep-00000004: executing exchange ex-00000005 over http-outgoing-0
18:48:51.373 [main] DEBUG com.github.dockerjava.zerodep.shaded.org.apache.hc.client5.http.headers - http-outgoing-0 >> POST /v1.32/containers/40d15cb2bf2f7419e872d2320696135c47457e2846a9875c6da8156cc001454b/start HTTP/1.1
[...]
18:48:57.599 [main] DEBUG com.github.dockerjava.zerodep.shaded.org.apache.hc.client5.http.headers - http-outgoing-5 >> Connection: keep-alive
18:48:57.600 [main] DEBUG com.github.dockerjava.zerodep.shaded.org.apache.hc.client5.http.wire - http-outgoing-5 >> "GET /v1.32/containers/72d9ccee1b716c0dd4c84021121bcf87897aab962b89ab9532e1e7aec9beddb9/json HTTP/1.1[\r][\n]"
18:48:57.600 [main] DEBUG com.github.dockerjava.zerodep.shaded.org.apache.hc.client5.http.wire - http-outgoing-5 >> "accept: application/json[\r][\n]"
18:48:57.600 [main] DEBUG com.github.dockerjava.zerodep.shaded.org.apache.hc.client5.http.wire - http-outgoing-5 >> "x-tc-sid: 49548123-9649-41b7-91db-308eabac46e4[\r][\n]"
18:48:57.600 [main] DEBUG com.github.dockerjava.zerodep.shaded.org.apache.hc.client5.http.wire - http-outgoing-5 >> "User-Agent: tc-java/1.19.1[\r][\n]"
18:48:57.600 [main] DEBUG com.github.dockerjava.zerodep.shaded.org.apache.hc.client5.http.wire - http-outgoing-5 >> "Accept-Encoding: gzip, x-gzip, deflate[\r][\n]"
18:48:57.600 [main] DEBUG com.github.dockerjava.zerodep.shaded.org.apache.hc.client5.http.wire - http-outgoing-5 >> "Host: localhost:2375[\r][\n]"
18:48:57.600 [main] DEBUG com.github.dockerjava.zerodep.shaded.org.apache.hc.client5.http.wire - http-outgoing-5 >> "Connection: keep-alive[\r][\n]"
18:48:57.600 [main] DEBUG com.github.dockerjava.zerodep.shaded.org.apache.hc.client5.http.wire - http-outgoing-5 >> "[\r][\n]"
18:48:57.605 [main] DEBUG com.github.dockerjava.zerodep.shaded.org.apache.hc.client5.http.wire - http-outgoing-5 << "HTTP/1.1 200 OK[\r][\n]"
18:48:57.605 [main] DEBUG com.github.dockerjava.zerodep.shaded.org.apache.hc.client5.http.wire - http-outgoing-5 << "Api-Version: 1.51[\r][\n]"
18:48:57.605 [main] DEBUG com.github.dockerjava.zerodep.shaded.org.apache.hc.client5.http.wire - http-outgoing-5 << "Content-Type: application/json[\r][\n]"
18:48:57.605 [main] DEBUG com.github.dockerjava.zerodep.shaded.org.apache.hc.client5.http.wire - http-outgoing-5 << "Date: Thu, 04 Sep 2025 10:48:57 GMT[\r][\n]"
18:48:57.605 [main] DEBUG com.github.dockerjava.zerodep.shaded.org.apache.hc.client5.http.wire - http-outgoing-5 << "Docker-Experimental: false[\r][\n]"
18:48:57.605 [main] DEBUG com.github.dockerjava.zerodep.shaded.org.apache.hc.client5.http.wire - http-outgoing-5 << "Ostype: linux[\r][\n]"
18:48:57.605 [main] DEBUG com.github.dockerjava.zerodep.shaded.org.apache.hc.client5.http.wire - http-outgoing-5 << "Server: Docker/28.3.3 (linux)[\r][\n]"
18:48:57.605 [main] DEBUG com.github.dockerjava.zerodep.shaded.org.apache.hc.client5.http.wire - http-outgoing-5 << "Transfer-Encoding: chunked[\r][\n]"
18:48:57.605 [main] DEBUG com.github.dockerjava.zerodep.shaded.org.apache.hc.client5.http.wire - http-outgoing-5 << "[\r][\n]"
18:48:57.605 [main] DEBUG com.github.dockerjava.zerodep.shaded.org.apache.hc.client5.http.wire - http-outgoing-5 << "175f[\r][\n]"
18:48:57.605 [main] DEBUG com.github.dockerjava.zerodep.shaded.org.apache.hc.client5.http.wire - http-outgoing-5 << "{"Id":"72d9ccee1b716c0dd4c84021121bcf87897aab962b89ab9532e1e7aec9beddb9","Created":"2025-09-04T10:48:56.399456837Z","Path":"docker-entrypoint.sh","Args":["postgres","-c","fsync=off"],"State":{"Status":"exited","Running":false,"Paused":false,"Restarting":false,"OOMKilled":false,"Dead":false,"Pid":0,"ExitCode":137,"Error":"","StartedAt":"2025-09-04T10:48:56.449042837Z","FinishedAt":"2025-09-04T10:48:57.449393296Z"},"Image":"sha256:b3bcb0ef48d7fc471e5d7f17356fc70c314229889bfbdbe31ca056a31ec5485f","ResolvConfPath":"/var/lib/docker/containers/72d9ccee1b716c0dd4c84021121bcf87897aab962b89ab9532e1e7aec9beddb9/resolv.conf","HostnamePath":"/var/lib/docker/containers/72d9ccee1b716c0dd4c84021121bcf87897aab962b89ab9532e1e7aec9beddb9/hostname","HostsPath":"/var/lib/docker/containers/72d9ccee1b716c0dd4c84021121bcf87897aab962b89ab9532e1e7aec9beddb9/hosts","LogPath":"/var/lib/docker/containers/72d9ccee1b716c0dd4c84021121bcf87897aab962b89ab9532e1e7aec9beddb9/72d9ccee1b716c0dd4c84021121bcf87897aab962b89ab9532e1e7aec9beddb9-json.log","Name":"/goofy_payne","RestartCount":0,"Driver":"overlay2","Platform":"linux","MountLabel":"","ProcessLabel":"","AppArmorProfile":"","ExecIDs":null,"HostConfig":{"Binds":[],"ContainerIDFile":"","LogConfig":{"Type":"json-file","Config":{}},"NetworkMode":"bridge","PortBindings":{"5432/tcp":[{"HostIp":"","HostPort":""}]},"RestartPolicy":{"Name":"no","MaximumRetryCount":0},"AutoRemove":false,"VolumeDriver":"","VolumesFrom":[],"ConsoleSize":[0,0],"CapAdd":null,"CapDrop":null,"CgroupnsMode":"private","Dns":null,"DnsOptions":null,"DnsSearch":null,"ExtraHosts":[],"GroupAdd":null,"IpcMode":"shareable","Cgroup":"","Links":null,"OomScoreAdj":0,"PidMode":"","Privileged":false,"PublishAllPorts":false,"ReadonlyRootfs":false,"SecurityOpt":null,"UTSMode":"","UsernsMode":"","ShmSize":67108864,"Runtime":"runc","Isolation":"","CpuShares":0,"Memory":0,"NanoCpus":0,"CgroupParent":"","BlkioWeight":0,"BlkioWeightDevice":null,"BlkioDeviceReadBps":null,"BlkioDeviceWriteBps":null,"BlkioDeviceReadIOps":null,"BlkioDeviceWriteIOps":null,"CpuPeriod":0,"CpuQuota":0,"CpuRealtimePeriod":0,"CpuRealtimeRuntime":0,"CpusetCpus":"","CpusetMems":"","Devices":null,"DeviceCgroupRules":null,"DeviceRequests":null,"MemoryReservation":0,"MemorySwap":0,"MemorySwappiness":null,"OomKillDisable":null,"PidsLimit":null,"Ulimits":null,"CpuCount":0,"CpuPercent":0,"IOMaximumIOps":0,"IOMaximumBandwidth":0,"MaskedPaths":["/proc/asound","/proc/acpi","/proc/interrupts","/proc/kcore","/proc/keys","/proc/latency_stats","/proc/timer_list","/proc/timer_stats","/proc/sched_debug","/proc/scsi","/sys/firmware","/sys/devices/virtual/powercap"],"ReadonlyPaths":["/proc/bus","/proc/fs","/proc/irq","/proc/sys","/proc/sysrq-trigger"]},"GraphDriver":{"Data":{"ID":"72d9ccee1b716c0dd4c84021121bcf87897aab962b89ab9532e1e7aec9beddb9","LowerDir":"/var/lib/docker/overlay2/80f40d8aeac61c4e70349a0c40c62ad75483c38751f4919b3557b176d0444ebf-init/diff:/var/lib/docker/overlay2/a28db920d0039896a6eceed0fee80cfa39a7251a1d6ac6e54748a944ed974490/diff:/var/lib/docker/overlay2/a2ac5ddd8d1d1a80f494c368890f1be2c3555e2f0e3aaffb85fde32391f32d9c/diff:/var/lib/docker/overlay2/87e90c403abf09f75eb42916245e20198aeebd0af2fdd94a1a3c784ce2a7dccd/diff:/var/lib/docker/overlay2/cbf76b8d2ab1ac1ac1465daecf2b95b8d07a4674167d47699d72bed70900b2b4/diff:/var/lib/docker/overlay2/0665766e89ae96c28a044e134fe6311bde9386ee9c146893fdc5d5cbdb1e0519/diff:/var/lib/docker/overlay2/b1c92950ee046dd880007db5be7febef6c47157416cbd4e4d188536f33bbf39e/diff:/var/lib/docker/overlay2/5aee1fe05fcbb3f896a766c8f1e1e9badbad3e2dff30807907a400f02461812b/diff:/var/lib/docker/overlay2/ca34bff19513fbf3e0e899b84b261ce993fad03a6c4f9dc6846ee8c5c45e8467/diff","MergedDir":"/var/lib/docker/overlay2/80f40d8aeac61c4e70349a0c40c62ad75483c38751f4919b3557b176d0444ebf/merged","UpperDir":"/var/lib/docker/overlay2/80f40d8aeac61c4e70349a0c40c62ad75483c38751f4919b3557b176d0444ebf/diff","WorkDir":"/var/lib/docker/overlay2/80f40d8aeac61c4e70349a0c40c62ad75483c38751f4919b3557b176d0444ebf/work"},"Name":"overlay2"},"Mounts":[{"Type":"volume","Name":"d16e6d5a7be97726795700fa28b2c48d64b4a841b5fae1c1424b473b1d569792","Source":"/var/lib/docker/volumes/d16e6d5a7be97726795700fa28b2c48d64b4a841b5fae1c1424b473b1d569792/_data","Destination":"/var/lib/postgresql/data","Driver":"local","Mode":"","RW":true,"Propagation":""}],"Config":{"Hostname":"72d9ccee1b71","Domainname":"","User":"","AttachStdin":false,"AttachStdout":false,"AttachStderr":false,"ExposedPorts":{"5432/tcp":{}},"Tty":false,"OpenStdin":false,"StdinOnce":false,"Env":["POSTGRES_USER=gov_user","POSTGRES_PASSWORD=secure_pass_2025","POSTGRES_DB=gov_nesma_test","PATH=/usr/local/sbin:/usr/local/bin:/usr/sbin:/usr/bin:/sbin:/bin","LANG=en_US.utf8","PG_MAJOR=15","PG_VERSION=15.4","PG_SHA256=baec5a4bdc4437336653b6cb5d9ed89be5bd5c0c58b94e0becee0a999e63c8f9","DOCKER_PG_LLVM_DEPS=llvm15-dev \t\tclang15","PGDATA=/var/lib/postgresql/data"],"Cmd":["postgres","-c","fsync=off"],"Image":"postgres:15.4-alpine","Volumes":{"/var/lib/postgresql/data":{}},"WorkingDir":"","Entrypoint":["docker-entrypoint.sh"],"OnBuild":null,"Labels":{"org.testcontainers":"true","org.testcontainers.lang":"java","org.testcontainers.sessionId":"49548123-9649-41b7-91db-308eabac46e4","org.testcontainers.version":"1.19.1"},"StopSignal":"SIGINT"},"NetworkSettings":{"Bridge":"","SandboxID":"","SandboxKey":"","Ports":{},"HairpinMode":false,"LinkLocalIPv6Address":"","LinkLocalIPv6PrefixLen":0,"SecondaryIPAddresses":null,"SecondaryIPv6Addresses":null,"EndpointID":"","Gateway":"","GlobalIPv6Address":"","GlobalIPv6PrefixLen":0,"IPAddress":"","IPPrefixLen":0,"IPv6Gateway":"","MacAddress":"","Networks":{"bridge":{"IPAMConfig":null,"Links":null,"Aliases":null,"MacAddress":"","DriverOpts":null,"GwPriority":0,"NetworkID":"82eb118fc43ae65102f42b71c919816925dd1d3f40de1a906d6f82ea7f37b3a4","EndpointID":"","Gateway":"","IPAddress":"","IPPrefixLen":0,"IPv6Gateway":"","GlobalIPv6Address":"","GlobalIPv6PrefixLen":0,"DNSNames":null}}}}[\n]"
18:48:57.605 [main] DEBUG com.github.dockerjava.zerodep.shaded.org.apache.hc.client5.http.wire - http-outgoing-5 << "[\r][\n]"
18:48:57.605 [main] DEBUG com.github.dockerjava.zerodep.shaded.org.apache.hc.client5.http.headers - http-outgoing-5 << HTTP/1.1 200 OK
18:48:57.605 [main] DEBUG com.github.dockerjava.zerodep.shaded.org.apache.hc.client5.http.headers - http-outgoing-5 << Api-Version: 1.51
18:48:57.605 [main] DEBUG com.github.dockerjava.zerodep.shaded.org.apache.hc.client5.http.headers - http-outgoing-5 << Content-Type: application/json
18:48:57.605 [main] DEBUG com.github.dockerjava.zerodep.shaded.org.apache.hc.client5.http.headers - http-outgoing-5 << Date: Thu, 04 Sep 2025 10:48:57 GMT
18:48:57.605 [main] DEBUG com.github.dockerjava.zerodep.shaded.org.apache.hc.client5.http.headers - http-outgoing-5 << Docker-Experimental: false
18:48:57.605 [main] DEBUG com.github.dockerjava.zerodep.shaded.org.apache.hc.client5.http.headers - http-outgoing-5 << Ostype: linux
18:48:57.605 [main] DEBUG com.github.dockerjava.zerodep.shaded.org.apache.hc.client5.http.headers - http-outgoing-5 << Server: Docker/28.3.3 (linux)
18:48:57.605 [main] DEBUG com.github.dockerjava.zerodep.shaded.org.apache.hc.client5.http.headers - http-outgoing-5 << Transfer-Encoding: chunked
18:48:57.606 [main] DEBUG com.github.dockerjava.zerodep.shaded.org.apache.hc.client5.http.impl.classic.MainClientExec - ex-00000037: connection can be kept alive for 3 MINUTES
18:48:57.619 [main] DEBUG com.github.dockerjava.zerodep.shaded.org.apache.hc.client5.http.wire - http-outgoing-5 << "0[\r][\n]"
18:48:57.619 [main] DEBUG com.github.dockerjava.zerodep.shaded.org.apache.hc.client5.http.wire - http-outgoing-5 << "[\r][\n]"
18:48:57.619 [main] DEBUG com.github.dockerjava.zerodep.shaded.org.apache.hc.client5.http.impl.classic.InternalHttpClient - ep-00000036: releasing valid endpoint
18:48:57.619 [main] DEBUG com.github.dockerjava.zerodep.shaded.org.apache.hc.client5.http.impl.io.PoolingHttpClientConnectionManager - ep-00000036: releasing endpoint
18:48:57.619 [main] DEBUG com.github.dockerjava.zerodep.shaded.org.apache.hc.client5.http.impl.io.PoolingHttpClientConnectionManager - ep-00000036: connection http-outgoing-5 can be kept alive for 3 MINUTES
18:48:57.620 [main] DEBUG com.github.dockerjava.zerodep.shaded.org.apache.hc.client5.http.impl.io.PoolingHttpClientConnectionManager - ep-00000036: connection released [route: {}->unix://localhost:2375][total available: 1; route allocated: 1 of 2147483647; total allocated: 1 of 2147483647]
18:48:57.620 [main] DEBUG org.testcontainers.shaded.com.github.dockerjava.core.command.AbstrDockerCmd - Cmd: 72d9ccee1b716c0dd4c84021121bcf87897aab962b89ab9532e1e7aec9beddb9,true,true
18:48:57.620 [main] DEBUG com.github.dockerjava.zerodep.shaded.org.apache.hc.client5.http.impl.classic.InternalHttpClient - ex-00000038: preparing request execution
18:48:57.620 [main] DEBUG com.github.dockerjava.zerodep.shaded.org.apache.hc.client5.http.protocol.RequestAddCookies - Cookie spec selected: strict
18:48:57.620 [main] DEBUG com.github.dockerjava.zerodep.shaded.org.apache.hc.client5.http.protocol.RequestAuthCache - Auth cache not set in the context
18:48:57.620 [main] DEBUG com.github.dockerjava.zerodep.shaded.org.apache.hc.client5.http.impl.classic.ProtocolExec - ex-00000038: target auth state: UNCHALLENGED
18:48:57.620 [main] DEBUG com.github.dockerjava.zerodep.shaded.org.apache.hc.client5.http.impl.classic.ProtocolExec - ex-00000038: proxy auth state: UNCHALLENGED
18:48:57.620 [main] DEBUG com.github.dockerjava.zerodep.shaded.org.apache.hc.client5.http.impl.classic.ConnectExec - ex-00000038: acquiring connection with route {}->unix://localhost:2375
18:48:57.620 [main] DEBUG com.github.dockerjava.zerodep.shaded.org.apache.hc.client5.http.impl.classic.InternalHttpClient - ex-00000038: acquiring endpoint (3 MINUTES)
18:48:57.621 [main] DEBUG com.github.dockerjava.zerodep.shaded.org.apache.hc.client5.http.impl.io.PoolingHttpClientConnectionManager - ex-00000038: endpoint lease request (3 MINUTES) [route: {}->unix://localhost:2375][total available: 1; route allocated: 1 of 2147483647; total allocated: 1 of 2147483647]
18:48:57.621 [main] DEBUG com.github.dockerjava.zerodep.shaded.org.apache.hc.client5.http.impl.io.PoolingHttpClientConnectionManager - ex-00000038: endpoint leased [route: {}->unix://localhost:2375][total available: 0; route allocated: 1 of 2147483647; total allocated: 1 of 2147483647]
18:48:57.621 [main] DEBUG com.github.dockerjava.zerodep.shaded.org.apache.hc.client5.http.impl.io.PoolingHttpClientConnectionManager - ex-00000038: acquired ep-00000037
18:48:57.621 [main] DEBUG com.github.dockerjava.zerodep.shaded.org.apache.hc.client5.http.impl.classic.InternalHttpClient - ex-00000038: acquired endpoint ep-00000037
18:48:57.621 [main] DEBUG com.github.dockerjava.zerodep.shaded.org.apache.hc.client5.http.impl.classic.MainClientExec - ex-00000038: executing DELETE /v1.32/containers/72d9ccee1b716c0dd4c84021121bcf87897aab962b89ab9532e1e7aec9beddb9?v=true&force=true HTTP/1.1
18:48:57.621 [main] DEBUG com.github.dockerjava.zerodep.shaded.org.apache.hc.client5.http.impl.classic.InternalHttpClient - ep-00000037: start execution ex-00000038
18:48:57.621 [main] DEBUG com.github.dockerjava.zerodep.shaded.org.apache.hc.client5.http.impl.io.PoolingHttpClientConnectionManager - ep-00000037: executing exchange ex-00000038 over http-outgoing-5
18:48:57.621 [main] DEBUG com.github.dockerjava.zerodep.shaded.org.apache.hc.client5.http.headers - http-outgoing-5 >> DELETE /v1.32/containers/72d9ccee1b716c0dd4c84021121bcf87897aab962b89ab9532e1e7aec9beddb9?v=true&force=true HTTP/1.1
18:48:57.621 [main] DEBUG com.github.dockerjava.zerodep.shaded.org.apache.hc.client5.http.headers - http-outgoing-5 >> accept: application/json
18:48:57.621 [main] DEBUG com.github.dockerjava.zerodep.shaded.org.apache.hc.client5.http.headers - http-outgoing-5 >> x-tc-sid: 49548123-9649-41b7-91db-308eabac46e4
18:48:57.621 [main] DEBUG com.github.dockerjava.zerodep.shaded.org.apache.hc.client5.http.headers - http-outgoing-5 >> User-Agent: tc-java/1.19.1
18:48:57.621 [main] DEBUG com.github.dockerjava.zerodep.shaded.org.apache.hc.client5.http.headers - http-outgoing-5 >> Accept-Encoding: gzip, x-gzip, deflate
18:48:57.621 [main] DEBUG com.github.dockerjava.zerodep.shaded.org.apache.hc.client5.http.headers - http-outgoing-5 >> Host: localhost:2375
18:48:57.621 [main] DEBUG com.github.dockerjava.zerodep.shaded.org.apache.hc.client5.http.headers - http-outgoing-5 >> Connection: keep-alive
18:48:57.621 [main] DEBUG com.github.dockerjava.zerodep.shaded.org.apache.hc.client5.http.wire - http-outgoing-5 >> "DELETE /v1.32/containers/72d9ccee1b716c0dd4c84021121bcf87897aab962b89ab9532e1e7aec9beddb9?v=true&force=true HTTP/1.1[\r][\n]"
18:48:57.621 [main] DEBUG com.github.dockerjava.zerodep.shaded.org.apache.hc.client5.http.wire - http-outgoing-5 >> "accept: application/json[\r][\n]"
18:48:57.621 [main] DEBUG com.github.dockerjava.zerodep.shaded.org.apache.hc.client5.http.wire - http-outgoing-5 >> "x-tc-sid: 49548123-9649-41b7-91db-308eabac46e4[\r][\n]"
18:48:57.621 [main] DEBUG com.github.dockerjava.zerodep.shaded.org.apache.hc.client5.http.wire - http-outgoing-5 >> "User-Agent: tc-java/1.19.1[\r][\n]"
18:48:57.621 [main] DEBUG com.github.dockerjava.zerodep.shaded.org.apache.hc.client5.http.wire - http-outgoing-5 >> "Accept-Encoding: gzip, x-gzip, deflate[\r][\n]"
18:48:57.621 [main] DEBUG com.github.dockerjava.zerodep.shaded.org.apache.hc.client5.http.wire - http-outgoing-5 >> "Host: localhost:2375[\r][\n]"
18:48:57.621 [main] DEBUG com.github.dockerjava.zerodep.shaded.org.apache.hc.client5.http.wire - http-outgoing-5 >> "Connection: keep-alive[\r][\n]"
18:48:57.621 [main] DEBUG com.github.dockerjava.zerodep.shaded.org.apache.hc.client5.http.wire - http-outgoing-5 >> "[\r][\n]"
18:48:57.639 [main] DEBUG com.github.dockerjava.zerodep.shaded.org.apache.hc.client5.http.wire - http-outgoing-5 << "HTTP/1.1 204 No Content[\r][\n]"
18:48:57.642 [main] DEBUG com.github.dockerjava.zerodep.shaded.org.apache.hc.client5.http.wire - http-outgoing-5 << "Api-Version: 1.51[\r][\n]"
18:48:57.642 [main] DEBUG com.github.dockerjava.zerodep.shaded.org.apache.hc.client5.http.wire - http-outgoing-5 << "Date: Thu, 04 Sep 2025 10:48:57 GMT[\r][\n]"
18:48:57.642 [main] DEBUG com.github.dockerjava.zerodep.shaded.org.apache.hc.client5.http.wire - http-outgoing-5 << "Docker-Experimental: false[\r][\n]"
18:48:57.642 [main] DEBUG com.github.dockerjava.zerodep.shaded.org.apache.hc.client5.http.wire - http-outgoing-5 << "Ostype: linux[\r][\n]"
18:48:57.642 [main] DEBUG com.github.dockerjava.zerodep.shaded.org.apache.hc.client5.http.wire - http-outgoing-5 << "Server: Docker/28.3.3 (linux)[\r][\n]"
18:48:57.642 [main] DEBUG com.github.dockerjava.zerodep.shaded.org.apache.hc.client5.http.wire - http-outgoing-5 << "[\r][\n]"
18:48:57.642 [main] DEBUG com.github.dockerjava.zerodep.shaded.org.apache.hc.client5.http.headers - http-outgoing-5 << HTTP/1.1 204 No Content
18:48:57.642 [main] DEBUG com.github.dockerjava.zerodep.shaded.org.apache.hc.client5.http.headers - http-outgoing-5 << Api-Version: 1.51
18:48:57.642 [main] DEBUG com.github.dockerjava.zerodep.shaded.org.apache.hc.client5.http.headers - http-outgoing-5 << Date: Thu, 04 Sep 2025 10:48:57 GMT
18:48:57.642 [main] DEBUG com.github.dockerjava.zerodep.shaded.org.apache.hc.client5.http.headers - http-outgoing-5 << Docker-Experimental: false
18:48:57.642 [main] DEBUG com.github.dockerjava.zerodep.shaded.org.apache.hc.client5.http.headers - http-outgoing-5 << Ostype: linux
18:48:57.642 [main] DEBUG com.github.dockerjava.zerodep.shaded.org.apache.hc.client5.http.headers - http-outgoing-5 << Server: Docker/28.3.3 (linux)
18:48:57.646 [main] DEBUG com.github.dockerjava.zerodep.shaded.org.apache.hc.client5.http.impl.classic.MainClientExec - ex-00000038: connection can be kept alive for 3 MINUTES
18:48:57.646 [main] DEBUG com.github.dockerjava.zerodep.shaded.org.apache.hc.client5.http.impl.classic.InternalHttpClient - ep-00000037: releasing valid endpoint
18:48:57.646 [main] DEBUG com.github.dockerjava.zerodep.shaded.org.apache.hc.client5.http.impl.io.PoolingHttpClientConnectionManager - ep-00000037: releasing endpoint
18:48:57.646 [main] DEBUG com.github.dockerjava.zerodep.shaded.org.apache.hc.client5.http.impl.io.PoolingHttpClientConnectionManager - ep-00000037: connection http-outgoing-5 can be kept alive for 3 MINUTES
18:48:57.646 [main] DEBUG com.github.dockerjava.zerodep.shaded.org.apache.hc.client5.http.impl.io.PoolingHttpClientConnectionManager - ep-00000037: connection released [route: {}->unix://localhost:2375][total available: 1; route allocated: 1 of 2147483647; total allocated: 1 of 2147483647]
18:48:57.646 [main] DEBUG org.testcontainers.utility.ResourceReaper - Removed container and associated volume(s): postgres:15.4-alpine
]]></system-out>
  </testcase>
</testsuite>